/Users/lx/.nvm/versions/node/v6.9.1/lib
├─┬ babel-cli@6.18.0
│ ├─┬ babel-core@6.18.2
│ │ ├─┬ babel-code-frame@6.16.0
│ │ │ ├─┬ chalk@1.1.3
│ │ │ │ ├── ansi-styles@2.2.1
│ │ │ │ ├── escape-string-regexp@1.0.5
│ │ │ │ ├─┬ has-ansi@2.0.0
│ │ │ │ │ └── ansi-regex@2.0.0
│ │ │ │ ├── strip-ansi@3.0.1
│ │ │ │ └── supports-color@2.0.0
│ │ │ ├── esutils@2.0.2
│ │ │ └── js-tokens@2.0.0
│ │ ├─┬ babel-generator@6.18.0
│ │ │ ├─┬ detect-indent@4.0.0
│ │ │ │ └─┬ repeating@2.0.1
│ │ │ │   └─┬ is-finite@1.0.2
│ │ │ │     └── number-is-nan@1.0.1
│ │ │ └── jsesc@1.3.0
│ │ ├── babel-helpers@6.16.0
│ │ ├── babel-messages@6.8.0
│ │ ├── babel-template@6.16.0
│ │ ├─┬ babel-traverse@6.18.0
│ │ │ ├── globals@9.12.0
│ │ │ └─┬ invariant@2.2.1
│ │ │   └── loose-envify@1.3.0
│ │ ├─┬ babel-types@6.18.0
│ │ │ └── to-fast-properties@1.0.2
│ │ ├── babylon@6.13.1
│ │ ├─┬ debug@2.3.1
│ │ │ └── ms@0.7.2
│ │ ├── json5@0.5.0
│ │ ├─┬ minimatch@3.0.3
│ │ │ └─┬ brace-expansion@1.1.6
│ │ │   ├── balanced-match@0.4.2
│ │ │   └── concat-map@0.0.1
│ │ └── private@0.1.6
│ ├─┬ babel-polyfill@6.16.0
│ │ ├── core-js@2.4.1
│ │ └── regenerator-runtime@0.9.6
│ ├─┬ babel-register@6.18.0
│ │ ├─┬ home-or-tmp@2.0.0
│ │ │ ├── os-homedir@1.0.2
│ │ │ └── os-tmpdir@1.0.2
│ │ ├─┬ mkdirp@0.5.1
│ │ │ └── minimist@0.0.8
│ │ └── source-map-support@0.4.6
│ ├── babel-runtime@6.18.0
│ ├─┬ chokidar@1.6.1
│ │ ├─┬ anymatch@1.3.0
│ │ │ ├── arrify@1.0.1
│ │ │ └─┬ micromatch@2.3.11
│ │ │   ├─┬ arr-diff@2.0.0
│ │ │   │ └── arr-flatten@1.0.1
│ │ │   ├── array-unique@0.2.1
│ │ │   ├─┬ braces@1.8.5
│ │ │   │ ├─┬ expand-range@1.8.2
│ │ │   │ │ └─┬ fill-range@2.2.3
│ │ │   │ │   ├── is-number@2.1.0
│ │ │   │ │   ├── isobject@2.1.0
│ │ │   │ │   ├── randomatic@1.1.5
│ │ │   │ │   └── repeat-string@1.6.1
│ │ │   │ ├── preserve@0.2.0
│ │ │   │ └── repeat-element@1.1.2
│ │ │   ├─┬ expand-brackets@0.1.5
│ │ │   │ └── is-posix-bracket@0.1.1
│ │ │   ├── extglob@0.3.2
│ │ │   ├── filename-regex@2.0.0
│ │ │   ├─┬ kind-of@3.0.4
│ │ │   │ └── is-buffer@1.1.4
│ │ │   ├── normalize-path@2.0.1
│ │ │   ├─┬ object.omit@2.0.1
│ │ │   │ ├─┬ for-own@0.1.4
│ │ │   │ │ └── for-in@0.1.6
│ │ │   │ └── is-extendable@0.1.1
│ │ │   ├─┬ parse-glob@3.0.4
│ │ │   │ ├── glob-base@0.3.0
│ │ │   │ └── is-dotfile@1.0.2
│ │ │   └─┬ regex-cache@0.4.3
│ │ │     ├── is-equal-shallow@0.1.3
│ │ │     └── is-primitive@2.0.0
│ │ ├── async-each@1.0.1
│ │ ├─┬ fsevents@1.0.15
│ │ │ ├── nan@2.4.0
│ │ │ └─┬ node-pre-gyp@0.6.29
│ │ │   ├─┬ mkdirp@0.5.1
│ │ │   │ └── minimist@0.0.8
│ │ │   ├─┬ nopt@3.0.6
│ │ │   │ └── abbrev@1.0.9
│ │ │   ├─┬ npmlog@3.1.2
│ │ │   │ ├─┬ are-we-there-yet@1.1.2
│ │ │   │ │ └── delegates@1.0.0
│ │ │   │ ├── console-control-strings@1.1.0
│ │ │   │ ├─┬ gauge@2.6.0
│ │ │   │ │ ├── aproba@1.0.4
│ │ │   │ │ ├── has-color@0.1.7
│ │ │   │ │ ├── has-unicode@2.0.1
│ │ │   │ │ ├── object-assign@4.1.0
│ │ │   │ │ ├── signal-exit@3.0.0
│ │ │   │ │ ├─┬ string-width@1.0.1
│ │ │   │ │ │ ├─┬ code-point-at@1.0.0
│ │ │   │ │ │ │ └── number-is-nan@1.0.0
│ │ │   │ │ │ └── is-fullwidth-code-point@1.0.0
│ │ │   │ │ ├─┬ strip-ansi@3.0.1
│ │ │   │ │ │ └── ansi-regex@2.0.0
│ │ │   │ │ └── wide-align@1.1.0
│ │ │   │ └── set-blocking@2.0.0
│ │ │   ├─┬ rc@1.1.6
│ │ │   │ ├── deep-extend@0.4.1
│ │ │   │ ├── ini@1.3.4
│ │ │   │ ├── minimist@1.2.0
│ │ │   │ └── strip-json-comments@1.0.4
│ │ │   ├─┬ request@2.73.0
│ │ │   │ ├── aws-sign2@0.6.0
│ │ │   │ ├── aws4@1.4.1
│ │ │   │ ├─┬ bl@1.1.2
│ │ │   │ │ └── readable-stream@2.0.6
│ │ │   │ ├── caseless@0.11.0
│ │ │   │ ├─┬ combined-stream@1.0.5
│ │ │   │ │ └── delayed-stream@1.0.0
│ │ │   │ ├── extend@3.0.0
│ │ │   │ ├── forever-agent@0.6.1
│ │ │   │ ├─┬ form-data@1.0.0-rc4
│ │ │   │ │ └── async@1.5.2
│ │ │   │ ├─┬ har-validator@2.0.6
│ │ │   │ │ ├─┬ chalk@1.1.3
│ │ │   │ │ │ ├── ansi-styles@2.2.1
│ │ │   │ │ │ ├── escape-string-regexp@1.0.5
│ │ │   │ │ │ ├── has-ansi@2.0.0
│ │ │   │ │ │ └── supports-color@2.0.0
│ │ │   │ │ ├─┬ commander@2.9.0
│ │ │   │ │ │ └── graceful-readlink@1.0.1
│ │ │   │ │ ├─┬ is-my-json-valid@2.13.1
│ │ │   │ │ │ ├── generate-function@2.0.0
│ │ │   │ │ │ ├─┬ generate-object-property@1.2.0
│ │ │   │ │ │ │ └── is-property@1.0.2
│ │ │   │ │ │ ├── jsonpointer@2.0.0
│ │ │   │ │ │ └── xtend@4.0.1
│ │ │   │ │ └─┬ pinkie-promise@2.0.1
│ │ │   │ │   └── pinkie@2.0.4
│ │ │   │ ├─┬ hawk@3.1.3
│ │ │   │ │ ├── boom@2.10.1
│ │ │   │ │ ├── cryptiles@2.0.5
│ │ │   │ │ ├── hoek@2.16.3
│ │ │   │ │ └── sntp@1.0.9
│ │ │   │ ├─┬ http-signature@1.1.1
│ │ │   │ │ ├── assert-plus@0.2.0
│ │ │   │ │ ├─┬ jsprim@1.3.0
│ │ │   │ │ │ ├── extsprintf@1.0.2
│ │ │   │ │ │ ├── json-schema@0.2.2
│ │ │   │ │ │ └── verror@1.3.6
│ │ │   │ │ └─┬ sshpk@1.8.3
│ │ │   │ │   ├── asn1@0.2.3
│ │ │   │ │   ├── assert-plus@1.0.0
│ │ │   │ │   ├─┬ dashdash@1.14.0
│ │ │   │ │   │ └── assert-plus@1.0.0
│ │ │   │ │   ├── ecc-jsbn@0.1.1
│ │ │   │ │   ├─┬ getpass@0.1.6
│ │ │   │ │   │ └── assert-plus@1.0.0
│ │ │   │ │   ├── jodid25519@1.0.2
│ │ │   │ │   ├── jsbn@0.1.0
│ │ │   │ │   └── tweetnacl@0.13.3
│ │ │   │ ├── is-typedarray@1.0.0
│ │ │   │ ├── isstream@0.1.2
│ │ │   │ ├── json-stringify-safe@5.0.1
│ │ │   │ ├─┬ mime-types@2.1.11
│ │ │   │ │ └── mime-db@1.23.0
│ │ │   │ ├── node-uuid@1.4.7
│ │ │   │ ├── oauth-sign@0.8.2
│ │ │   │ ├── qs@6.2.0
│ │ │   │ ├── stringstream@0.0.5
│ │ │   │ ├── tough-cookie@2.2.2
│ │ │   │ └── tunnel-agent@0.4.3
│ │ │   ├─┬ rimraf@2.5.3
│ │ │   │ └─┬ glob@7.0.5
│ │ │   │   ├── fs.realpath@1.0.0
│ │ │   │   ├── inflight@1.0.5
│ │ │   │   ├─┬ minimatch@3.0.2
│ │ │   │   │ └─┬ brace-expansion@1.1.5
│ │ │   │   │   ├── balanced-match@0.4.2
│ │ │   │   │   └── concat-map@0.0.1
│ │ │   │   └── path-is-absolute@1.0.0
│ │ │   ├── semver@5.2.0
│ │ │   ├─┬ tar@2.2.1
│ │ │   │ ├── block-stream@0.0.9
│ │ │   │ ├─┬ fstream@1.0.10
│ │ │   │ │ └── graceful-fs@4.1.4
│ │ │   │ └── inherits@2.0.1
│ │ │   └─┬ tar-pack@3.1.4
│ │ │     ├─┬ debug@2.2.0
│ │ │     │ └── ms@0.7.1
│ │ │     ├── fstream-ignore@1.0.5
│ │ │     ├─┬ once@1.3.3
│ │ │     │ └── wrappy@1.0.2
│ │ │     ├─┬ readable-stream@2.1.4
│ │ │     │ ├── buffer-shims@1.0.0
│ │ │     │ ├── core-util-is@1.0.2
│ │ │     │ ├── isarray@1.0.0
│ │ │     │ ├── process-nextick-args@1.0.7
│ │ │     │ ├── string_decoder@0.10.31
│ │ │     │ └── util-deprecate@1.0.2
│ │ │     └── uid-number@0.0.6
│ │ ├── glob-parent@2.0.0
│ │ ├── inherits@2.0.3
│ │ ├─┬ is-binary-path@1.0.1
│ │ │ └── binary-extensions@1.7.0
│ │ ├─┬ is-glob@2.0.1
│ │ │ └── is-extglob@1.0.0
│ │ └─┬ readdirp@2.1.0
│ │   ├─┬ readable-stream@2.1.5
│ │   │ ├── buffer-shims@1.0.0
│ │   │ ├── core-util-is@1.0.2
│ │   │ ├── isarray@1.0.0
│ │   │ ├── process-nextick-args@1.0.7
│ │   │ ├── string_decoder@0.10.31
│ │   │ └── util-deprecate@1.0.2
│ │   └── set-immediate-shim@1.0.1
│ ├─┬ commander@2.9.0
│ │ └── graceful-readlink@1.0.1
│ ├── convert-source-map@1.3.0
│ ├── fs-readdir-recursive@1.0.0
│ ├─┬ glob@5.0.15
│ │ ├─┬ inflight@1.0.6
│ │ │ └── wrappy@1.0.2
│ │ └── once@1.4.0
│ ├── lodash@4.16.6
│ ├─┬ output-file-sync@1.1.2
│ │ ├── graceful-fs@4.1.10
│ │ └── object-assign@4.1.0
│ ├── path-is-absolute@1.0.1
│ ├── slash@1.0.0
│ ├── source-map@0.5.6
│ └─┬ v8flags@2.0.11
│   └── user-home@1.1.1
├─┬ babel-core@6.18.2
│ ├─┬ babel-code-frame@6.16.0
│ │ ├─┬ chalk@1.1.3
│ │ │ ├── ansi-styles@2.2.1
│ │ │ ├── escape-string-regexp@1.0.5
│ │ │ ├─┬ has-ansi@2.0.0
│ │ │ │ └── ansi-regex@2.0.0
│ │ │ ├── strip-ansi@3.0.1
│ │ │ └── supports-color@2.0.0
│ │ ├── esutils@2.0.2
│ │ └── js-tokens@2.0.0
│ ├─┬ babel-generator@6.18.0
│ │ ├─┬ detect-indent@4.0.0
│ │ │ └─┬ repeating@2.0.1
│ │ │   └─┬ is-finite@1.0.2
│ │ │     └── number-is-nan@1.0.1
│ │ └── jsesc@1.3.0
│ ├── babel-helpers@6.16.0
│ ├── babel-messages@6.8.0
│ ├─┬ babel-register@6.18.0
│ │ ├── core-js@2.4.1
│ │ ├─┬ home-or-tmp@2.0.0
│ │ │ ├── os-homedir@1.0.2
│ │ │ └── os-tmpdir@1.0.2
│ │ ├─┬ mkdirp@0.5.1
│ │ │ └── minimist@0.0.8
│ │ └── source-map-support@0.4.6
│ ├─┬ babel-runtime@6.18.0
│ │ └── regenerator-runtime@0.9.6
│ ├── babel-template@6.16.0
│ ├─┬ babel-traverse@6.18.0
│ │ ├── globals@9.12.0
│ │ └─┬ invariant@2.2.1
│ │   └── loose-envify@1.3.0
│ ├─┬ babel-types@6.18.0
│ │ └── to-fast-properties@1.0.2
│ ├── babylon@6.13.1
│ ├── convert-source-map@1.3.0
│ ├─┬ debug@2.3.1
│ │ └── ms@0.7.2
│ ├── json5@0.5.0
│ ├── lodash@4.16.6
│ ├─┬ minimatch@3.0.3
│ │ └─┬ brace-expansion@1.1.6
│ │   ├── balanced-match@0.4.2
│ │   └── concat-map@0.0.1
│ ├── path-is-absolute@1.0.1
│ ├── private@0.1.6
│ ├── slash@1.0.0
│ └── source-map@0.5.6
├─┬ babel-polyfill@6.16.0
│ ├── babel-runtime@6.18.0
│ ├── core-js@2.4.1
│ └── regenerator-runtime@0.9.6
├─┬ babel-register@6.18.0
│ ├─┬ babel-core@6.18.2
│ │ ├─┬ babel-code-frame@6.16.0
│ │ │ ├─┬ chalk@1.1.3
│ │ │ │ ├── ansi-styles@2.2.1
│ │ │ │ ├── escape-string-regexp@1.0.5
│ │ │ │ ├─┬ has-ansi@2.0.0
│ │ │ │ │ └── ansi-regex@2.0.0
│ │ │ │ ├── strip-ansi@3.0.1
│ │ │ │ └── supports-color@2.0.0
│ │ │ ├── esutils@2.0.2
│ │ │ └── js-tokens@2.0.0
│ │ ├─┬ babel-generator@6.18.0
│ │ │ ├─┬ detect-indent@4.0.0
│ │ │ │ └─┬ repeating@2.0.1
│ │ │ │   └─┬ is-finite@1.0.2
│ │ │ │     └── number-is-nan@1.0.1
│ │ │ └── jsesc@1.3.0
│ │ ├── babel-helpers@6.16.0
│ │ ├── babel-messages@6.8.0
│ │ ├── babel-template@6.16.0
│ │ ├─┬ babel-traverse@6.18.0
│ │ │ ├── globals@9.12.0
│ │ │ └─┬ invariant@2.2.1
│ │ │   └── loose-envify@1.3.0
│ │ ├─┬ babel-types@6.18.0
│ │ │ └── to-fast-properties@1.0.2
│ │ ├── babylon@6.13.1
│ │ ├── convert-source-map@1.3.0
│ │ ├─┬ debug@2.3.1
│ │ │ └── ms@0.7.2
│ │ ├── json5@0.5.0
│ │ ├─┬ minimatch@3.0.3
│ │ │ └─┬ brace-expansion@1.1.6
│ │ │   ├── balanced-match@0.4.2
│ │ │   └── concat-map@0.0.1
│ │ ├── path-is-absolute@1.0.1
│ │ ├── private@0.1.6
│ │ ├── slash@1.0.0
│ │ └── source-map@0.5.6
│ ├─┬ babel-runtime@6.18.0
│ │ └── regenerator-runtime@0.9.6
│ ├── core-js@2.4.1
│ ├─┬ home-or-tmp@2.0.0
│ │ ├── os-homedir@1.0.2
│ │ └── os-tmpdir@1.0.2
│ ├── lodash@4.16.6
│ ├─┬ mkdirp@0.5.1
│ │ └── minimist@0.0.8
│ └── source-map-support@0.4.6
├── diff-so-fancy@0.11.2
├── dsf@0.0.0
├─┬ es-checker@1.4.0
│ ├─┬ chai@3.5.0
│ │ ├── assertion-error@1.0.2
│ │ ├─┬ deep-eql@0.1.3
│ │ │ └── type-detect@0.1.1
│ │ └── type-detect@1.0.0
│ └─┬ chalk@1.1.3
│   ├── ansi-styles@2.2.1
│   ├── escape-string-regexp@1.0.5
│   ├─┬ has-ansi@2.0.0
│   │ └── ansi-regex@2.0.0
│   ├── strip-ansi@3.0.1
│   └── supports-color@2.0.0
├─┬ eslint@3.9.1
│ ├─┬ babel-code-frame@6.16.0
│ │ └── js-tokens@2.0.0
│ ├─┬ chalk@1.1.3
│ │ ├── ansi-styles@2.2.1
│ │ ├── escape-string-regexp@1.0.5
│ │ ├── has-ansi@2.0.0
│ │ ├── strip-ansi@3.0.1
│ │ └── supports-color@2.0.0
│ ├─┬ concat-stream@1.5.2
│ │ ├── inherits@2.0.3
│ │ ├─┬ readable-stream@2.0.6
│ │ │ ├── core-util-is@1.0.2
│ │ │ ├── process-nextick-args@1.0.7
│ │ │ ├── string_decoder@0.10.31
│ │ │ └── util-deprecate@1.0.2
│ │ └── typedarray@0.0.6
│ ├─┬ debug@2.2.0
│ │ └── ms@0.7.1
│ ├─┬ doctrine@1.5.0
│ │ └── isarray@1.0.0
│ ├─┬ escope@3.6.0
│ │ ├─┬ es6-map@0.1.4
│ │ │ ├── d@0.1.1
│ │ │ ├── es5-ext@0.10.12
│ │ │ ├── es6-iterator@2.0.0
│ │ │ ├── es6-set@0.1.4
│ │ │ ├── es6-symbol@3.1.0
│ │ │ └── event-emitter@0.3.4
│ │ ├── es6-weak-map@2.0.1
│ │ └─┬ esrecurse@4.1.0
│ │   └── estraverse@4.1.1
│ ├─┬ espree@3.3.2
│ │ ├── acorn@4.0.3
│ │ └─┬ acorn-jsx@3.0.1
│ │   └── acorn@3.3.0
│ ├── estraverse@4.2.0
│ ├── esutils@2.0.2
│ ├─┬ file-entry-cache@2.0.0
│ │ ├─┬ flat-cache@1.2.1
│ │ │ ├── circular-json@0.3.1
│ │ │ ├─┬ del@2.2.2
│ │ │ │ ├─┬ globby@5.0.0
│ │ │ │ │ ├─┬ array-union@1.0.2
│ │ │ │ │ │ └── array-uniq@1.0.3
│ │ │ │ │ └── arrify@1.0.1
│ │ │ │ ├── is-path-cwd@1.0.0
│ │ │ │ ├─┬ is-path-in-cwd@1.0.0
│ │ │ │ │ └── is-path-inside@1.0.0
│ │ │ │ ├── pify@2.3.0
│ │ │ │ ├─┬ pinkie-promise@2.0.1
│ │ │ │ │ └── pinkie@2.0.4
│ │ │ │ └── rimraf@2.5.4
│ │ │ ├── graceful-fs@4.1.10
│ │ │ └── write@0.2.1
│ │ └── object-assign@4.1.0
│ ├─┬ glob@7.1.1
│ │ ├── fs.realpath@1.0.0
│ │ ├─┬ inflight@1.0.6
│ │ │ └── wrappy@1.0.2
│ │ ├─┬ minimatch@3.0.3
│ │ │ └─┬ brace-expansion@1.1.6
│ │ │   ├── balanced-match@0.4.2
│ │ │   └── concat-map@0.0.1
│ │ ├── once@1.4.0
│ │ └── path-is-absolute@1.0.1
│ ├── globals@9.12.0
│ ├── ignore@3.2.0
│ ├── imurmurhash@0.1.4
│ ├─┬ inquirer@0.12.0
│ │ ├── ansi-escapes@1.4.0
│ │ ├── ansi-regex@2.0.0
│ │ ├─┬ cli-cursor@1.0.2
│ │ │ └─┬ restore-cursor@1.0.1
│ │ │   ├── exit-hook@1.1.1
│ │ │   └── onetime@1.1.0
│ │ ├── cli-width@2.1.0
│ │ ├── figures@1.7.0
│ │ ├─┬ readline2@1.0.1
│ │ │ ├── code-point-at@1.1.0
│ │ │ ├─┬ is-fullwidth-code-point@1.0.0
│ │ │ │ └── number-is-nan@1.0.1
│ │ │ └── mute-stream@0.0.5
│ │ ├── run-async@0.1.0
│ │ ├── rx-lite@3.1.2
│ │ ├── string-width@1.0.2
│ │ └── through@2.3.8
│ ├─┬ is-my-json-valid@2.15.0
│ │ ├── generate-function@2.0.0
│ │ ├─┬ generate-object-property@1.2.0
│ │ │ └── is-property@1.0.2
│ │ ├── jsonpointer@4.0.0
│ │ └── xtend@4.0.1
│ ├─┬ is-resolvable@1.0.0
│ │ └── tryit@1.0.3
│ ├─┬ js-yaml@3.6.1
│ │ ├─┬ argparse@1.0.9
│ │ │ └── sprintf-js@1.0.3
│ │ └── esprima@2.7.3
│ ├─┬ json-stable-stringify@1.0.1
│ │ └── jsonify@0.0.0
│ ├─┬ levn@0.3.0
│ │ ├── prelude-ls@1.1.2
│ │ └── type-check@0.3.2
│ ├── lodash@4.16.6
│ ├─┬ mkdirp@0.5.1
│ │ └── minimist@0.0.8
│ ├── natural-compare@1.4.0
│ ├─┬ optionator@0.8.2
│ │ ├── deep-is@0.1.3
│ │ ├── fast-levenshtein@2.0.5
│ │ └── wordwrap@1.0.0
│ ├── path-is-inside@1.0.2
│ ├── pluralize@1.2.1
│ ├── progress@1.1.8
│ ├─┬ require-uncached@1.0.3
│ │ ├─┬ caller-path@0.1.0
│ │ │ └── callsites@0.2.0
│ │ └── resolve-from@1.0.1
│ ├─┬ shelljs@0.7.5
│ │ ├── interpret@1.0.1
│ │ └─┬ rechoir@0.6.2
│ │   └── resolve@1.1.7
│ ├── strip-bom@3.0.0
│ ├── strip-json-comments@1.0.4
│ ├─┬ table@3.8.3
│ │ ├─┬ ajv@4.8.2
│ │ │ └── co@4.6.0
│ │ ├── ajv-keywords@1.1.1
│ │ ├── slice-ansi@0.0.4
│ │ └─┬ string-width@2.0.0
│ │   └── is-fullwidth-code-point@2.0.0
│ ├── text-table@0.2.0
│ └─┬ user-home@2.0.0
│   └── os-homedir@1.0.2
├─┬ eslint-plugin-react@6.6.0
│ ├─┬ doctrine@1.5.0
│ │ ├── esutils@2.0.2
│ │ └── isarray@1.0.0
│ └─┬ jsx-ast-utils@1.3.3
│   ├─┬ acorn-jsx@3.0.1
│   │ └── acorn@3.3.0
│   └── object-assign@4.1.0
├─┬ hexo@3.2.2 (git://github.com/hexojs/hexo.git#1da7ad5c920fb16e182342c4acda7d8a94af31f9)
│ ├── abbrev@1.0.9
│ ├── archy@1.0.0
│ ├── bluebird@3.4.6
│ ├─┬ chalk@1.1.3
│ │ ├── ansi-styles@2.2.1
│ │ ├── escape-string-regexp@1.0.5
│ │ ├─┬ has-ansi@2.0.0
│ │ │ └── ansi-regex@2.0.0
│ │ ├── strip-ansi@3.0.1
│ │ └── supports-color@2.0.0
│ ├─┬ cheerio@0.20.0
│ │ ├─┬ css-select@1.2.0
│ │ │ ├── boolbase@1.0.0
│ │ │ ├── css-what@2.1.0
│ │ │ ├── domutils@1.5.1
│ │ │ └── nth-check@1.0.1
│ │ ├─┬ dom-serializer@0.1.0
│ │ │ └── domelementtype@1.1.3
│ │ ├── entities@1.1.1
│ │ ├─┬ htmlparser2@3.8.3
│ │ │ ├── domelementtype@1.3.0
│ │ │ ├── domhandler@2.3.0
│ │ │ ├── entities@1.0.0
│ │ │ └─┬ readable-stream@1.1.14
│ │ │   ├── core-util-is@1.0.2
│ │ │   ├── isarray@0.0.1
│ │ │   └── string_decoder@0.10.31
│ │ └─┬ jsdom@7.2.2
│ │   ├── abab@1.0.3
│ │   ├── acorn@2.7.0
│ │   ├── acorn-globals@1.0.9
│ │   ├── cssom@0.3.1
│ │   ├── cssstyle@0.2.37
│ │   ├─┬ escodegen@1.8.1
│ │   │ ├── estraverse@1.9.3
│ │   │ ├── esutils@2.0.2
│ │   │ ├─┬ optionator@0.8.2
│ │   │ │ ├── deep-is@0.1.3
│ │   │ │ ├── fast-levenshtein@2.0.5
│ │   │ │ ├── levn@0.3.0
│ │   │ │ ├── prelude-ls@1.1.2
│ │   │ │ ├── type-check@0.3.2
│ │   │ │ └── wordwrap@1.0.0
│ │   │ └── source-map@0.2.0
│ │   ├── nwmatcher@1.3.9
│ │   ├── parse5@1.5.1
│ │   ├─┬ request@2.79.0
│ │   │ ├── aws-sign2@0.6.0
│ │   │ ├── aws4@1.5.0
│ │   │ ├── caseless@0.11.0
│ │   │ ├─┬ combined-stream@1.0.5
│ │   │ │ └── delayed-stream@1.0.0
│ │   │ ├── extend@3.0.0
│ │   │ ├── forever-agent@0.6.1
│ │   │ ├─┬ form-data@2.1.2
│ │   │ │ └── asynckit@0.4.0
│ │   │ ├─┬ har-validator@2.0.6
│ │   │ │ ├─┬ commander@2.9.0
│ │   │ │ │ └── graceful-readlink@1.0.1
│ │   │ │ ├─┬ is-my-json-valid@2.15.0
│ │   │ │ │ ├── generate-function@2.0.0
│ │   │ │ │ ├─┬ generate-object-property@1.2.0
│ │   │ │ │ │ └── is-property@1.0.2
│ │   │ │ │ ├── jsonpointer@4.0.0
│ │   │ │ │ └── xtend@4.0.1
│ │   │ │ └─┬ pinkie-promise@2.0.1
│ │   │ │   └── pinkie@2.0.4
│ │   │ ├─┬ hawk@3.1.3
│ │   │ │ ├── boom@2.10.1
│ │   │ │ ├── cryptiles@2.0.5
│ │   │ │ ├── hoek@2.16.3
│ │   │ │ └── sntp@1.0.9
│ │   │ ├─┬ http-signature@1.1.1
│ │   │ │ ├── assert-plus@0.2.0
│ │   │ │ ├─┬ jsprim@1.3.1
│ │   │ │ │ ├── extsprintf@1.0.2
│ │   │ │ │ ├── json-schema@0.2.3
│ │   │ │ │ └── verror@1.3.6
│ │   │ │ └─┬ sshpk@1.10.1
│ │   │ │   ├── asn1@0.2.3
│ │   │ │   ├── assert-plus@1.0.0
│ │   │ │   ├── bcrypt-pbkdf@1.0.0
│ │   │ │   ├─┬ dashdash@1.14.1
│ │   │ │   │ └── assert-plus@1.0.0
│ │   │ │   ├── ecc-jsbn@0.1.1
│ │   │ │   ├─┬ getpass@0.1.6
│ │   │ │   │ └── assert-plus@1.0.0
│ │   │ │   ├── jodid25519@1.0.2
│ │   │ │   ├── jsbn@0.1.0
│ │   │ │   └── tweetnacl@0.14.5
│ │   │ ├── is-typedarray@1.0.0
│ │   │ ├── isstream@0.1.2
│ │   │ ├── json-stringify-safe@5.0.1
│ │   │ ├─┬ mime-types@2.1.13
│ │   │ │ └── mime-db@1.25.0
│ │   │ ├── oauth-sign@0.8.2
│ │   │ ├── qs@6.3.0
│ │   │ ├── stringstream@0.0.5
│ │   │ ├── tunnel-agent@0.4.3
│ │   │ └── uuid@3.0.1
│ │   ├── sax@1.2.1
│ │   ├── symbol-tree@3.2.1
│ │   ├─┬ tough-cookie@2.3.2
│ │   │ └── punycode@1.4.1
│ │   ├── webidl-conversions@2.0.1
│ │   ├─┬ whatwg-url-compat@0.6.5
│ │   │ └── tr46@0.0.3
│ │   └── xml-name-validator@2.0.1
│ ├─┬ deep-assign@2.0.0
│ │ └── is-obj@1.0.1
│ ├─┬ hexo-cli@1.0.2
│ │ ├── minimist@1.2.0
│ │ └── object-assign@4.1.0
│ ├── hexo-front-matter@0.2.3
│ ├─┬ hexo-fs@0.1.6
│ │ ├─┬ chokidar@1.6.1
│ │ │ ├─┬ anymatch@1.3.0
│ │ │ │ ├── arrify@1.0.1
│ │ │ │ └─┬ micromatch@2.3.11
│ │ │ │   ├─┬ arr-diff@2.0.0
│ │ │ │   │ └── arr-flatten@1.0.1
│ │ │ │   ├── array-unique@0.2.1
│ │ │ │   ├─┬ braces@1.8.5
│ │ │ │   │ ├─┬ expand-range@1.8.2
│ │ │ │   │ │ └─┬ fill-range@2.2.3
│ │ │ │   │ │   ├── is-number@2.1.0
│ │ │ │   │ │   ├─┬ isobject@2.1.0
│ │ │ │   │ │   │ └── isarray@1.0.0
│ │ │ │   │ │   ├── randomatic@1.1.6
│ │ │ │   │ │   └── repeat-string@1.6.1
│ │ │ │   │ ├── preserve@0.2.0
│ │ │ │   │ └── repeat-element@1.1.2
│ │ │ │   ├─┬ expand-brackets@0.1.5
│ │ │ │   │ └── is-posix-bracket@0.1.1
│ │ │ │   ├── extglob@0.3.2
│ │ │ │   ├── filename-regex@2.0.0
│ │ │ │   ├─┬ kind-of@3.1.0
│ │ │ │   │ └── is-buffer@1.1.4
│ │ │ │   ├── normalize-path@2.0.1
│ │ │ │   ├─┬ object.omit@2.0.1
│ │ │ │   │ ├─┬ for-own@0.1.4
│ │ │ │   │ │ └── for-in@0.1.6
│ │ │ │   │ └── is-extendable@0.1.1
│ │ │ │   ├─┬ parse-glob@3.0.4
│ │ │ │   │ ├── glob-base@0.3.0
│ │ │ │   │ └── is-dotfile@1.0.2
│ │ │ │   └─┬ regex-cache@0.4.3
│ │ │ │     ├── is-equal-shallow@0.1.3
│ │ │ │     └── is-primitive@2.0.0
│ │ │ ├── async-each@1.0.1
│ │ │ ├─┬ fsevents@1.0.15
│ │ │ │ ├── nan@2.4.0
│ │ │ │ └─┬ node-pre-gyp@0.6.29
│ │ │ │   ├─┬ mkdirp@0.5.1
│ │ │ │   │ └── minimist@0.0.8
│ │ │ │   ├─┬ nopt@3.0.6
│ │ │ │   │ └── abbrev@1.0.9
│ │ │ │   ├─┬ npmlog@3.1.2
│ │ │ │   │ ├─┬ are-we-there-yet@1.1.2
│ │ │ │   │ │ └── delegates@1.0.0
│ │ │ │   │ ├── console-control-strings@1.1.0
│ │ │ │   │ ├─┬ gauge@2.6.0
│ │ │ │   │ │ ├── aproba@1.0.4
│ │ │ │   │ │ ├── has-color@0.1.7
│ │ │ │   │ │ ├── has-unicode@2.0.1
│ │ │ │   │ │ ├── object-assign@4.1.0
│ │ │ │   │ │ ├── signal-exit@3.0.0
│ │ │ │   │ │ ├─┬ string-width@1.0.1
│ │ │ │   │ │ │ ├─┬ code-point-at@1.0.0
│ │ │ │   │ │ │ │ └── number-is-nan@1.0.0
│ │ │ │   │ │ │ └── is-fullwidth-code-point@1.0.0
│ │ │ │   │ │ ├─┬ strip-ansi@3.0.1
│ │ │ │   │ │ │ └── ansi-regex@2.0.0
│ │ │ │   │ │ └── wide-align@1.1.0
│ │ │ │   │ └── set-blocking@2.0.0
│ │ │ │   ├─┬ rc@1.1.6
│ │ │ │   │ ├── deep-extend@0.4.1
│ │ │ │   │ ├── ini@1.3.4
│ │ │ │   │ ├── minimist@1.2.0
│ │ │ │   │ └── strip-json-comments@1.0.4
│ │ │ │   ├─┬ request@2.73.0
│ │ │ │   │ ├── aws-sign2@0.6.0
│ │ │ │   │ ├── aws4@1.4.1
│ │ │ │   │ ├─┬ bl@1.1.2
│ │ │ │   │ │ └── readable-stream@2.0.6
│ │ │ │   │ ├── caseless@0.11.0
│ │ │ │   │ ├─┬ combined-stream@1.0.5
│ │ │ │   │ │ └── delayed-stream@1.0.0
│ │ │ │   │ ├── extend@3.0.0
│ │ │ │   │ ├── forever-agent@0.6.1
│ │ │ │   │ ├─┬ form-data@1.0.0-rc4
│ │ │ │   │ │ └── async@1.5.2
│ │ │ │   │ ├─┬ har-validator@2.0.6
│ │ │ │   │ │ ├─┬ chalk@1.1.3
│ │ │ │   │ │ │ ├── ansi-styles@2.2.1
│ │ │ │   │ │ │ ├── escape-string-regexp@1.0.5
│ │ │ │   │ │ │ ├── has-ansi@2.0.0
│ │ │ │   │ │ │ └── supports-color@2.0.0
│ │ │ │   │ │ ├─┬ commander@2.9.0
│ │ │ │   │ │ │ └── graceful-readlink@1.0.1
│ │ │ │   │ │ ├─┬ is-my-json-valid@2.13.1
│ │ │ │   │ │ │ ├── generate-function@2.0.0
│ │ │ │   │ │ │ ├─┬ generate-object-property@1.2.0
│ │ │ │   │ │ │ │ └── is-property@1.0.2
│ │ │ │   │ │ │ ├── jsonpointer@2.0.0
│ │ │ │   │ │ │ └── xtend@4.0.1
│ │ │ │   │ │ └─┬ pinkie-promise@2.0.1
│ │ │ │   │ │   └── pinkie@2.0.4
│ │ │ │   │ ├─┬ hawk@3.1.3
│ │ │ │   │ │ ├── boom@2.10.1
│ │ │ │   │ │ ├── cryptiles@2.0.5
│ │ │ │   │ │ ├── hoek@2.16.3
│ │ │ │   │ │ └── sntp@1.0.9
│ │ │ │   │ ├─┬ http-signature@1.1.1
│ │ │ │   │ │ ├── assert-plus@0.2.0
│ │ │ │   │ │ ├─┬ jsprim@1.3.0
│ │ │ │   │ │ │ ├── extsprintf@1.0.2
│ │ │ │   │ │ │ ├── json-schema@0.2.2
│ │ │ │   │ │ │ └── verror@1.3.6
│ │ │ │   │ │ └─┬ sshpk@1.8.3
│ │ │ │   │ │   ├── asn1@0.2.3
│ │ │ │   │ │   ├── assert-plus@1.0.0
│ │ │ │   │ │   ├─┬ dashdash@1.14.0
│ │ │ │   │ │   │ └── assert-plus@1.0.0
│ │ │ │   │ │   ├── ecc-jsbn@0.1.1
│ │ │ │   │ │   ├─┬ getpass@0.1.6
│ │ │ │   │ │   │ └── assert-plus@1.0.0
│ │ │ │   │ │   ├── jodid25519@1.0.2
│ │ │ │   │ │   ├── jsbn@0.1.0
│ │ │ │   │ │   └── tweetnacl@0.13.3
│ │ │ │   │ ├── is-typedarray@1.0.0
│ │ │ │   │ ├── isstream@0.1.2
│ │ │ │   │ ├── json-stringify-safe@5.0.1
│ │ │ │   │ ├─┬ mime-types@2.1.11
│ │ │ │   │ │ └── mime-db@1.23.0
│ │ │ │   │ ├── node-uuid@1.4.7
│ │ │ │   │ ├── oauth-sign@0.8.2
│ │ │ │   │ ├── qs@6.2.0
│ │ │ │   │ ├── stringstream@0.0.5
│ │ │ │   │ ├── tough-cookie@2.2.2
│ │ │ │   │ └── tunnel-agent@0.4.3
│ │ │ │   ├─┬ rimraf@2.5.3
│ │ │ │   │ └─┬ glob@7.0.5
│ │ │ │   │   ├── fs.realpath@1.0.0
│ │ │ │   │   ├── inflight@1.0.5
│ │ │ │   │   ├─┬ minimatch@3.0.2
│ │ │ │   │   │ └─┬ brace-expansion@1.1.5
│ │ │ │   │   │   ├── balanced-match@0.4.2
│ │ │ │   │   │   └── concat-map@0.0.1
│ │ │ │   │   └── path-is-absolute@1.0.0
│ │ │ │   ├── semver@5.2.0
│ │ │ │   ├─┬ tar@2.2.1
│ │ │ │   │ ├── block-stream@0.0.9
│ │ │ │   │ ├─┬ fstream@1.0.10
│ │ │ │   │ │ └── graceful-fs@4.1.4
│ │ │ │   │ └── inherits@2.0.1
│ │ │ │   └─┬ tar-pack@3.1.4
│ │ │ │     ├─┬ debug@2.2.0
│ │ │ │     │ └── ms@0.7.1
│ │ │ │     ├── fstream-ignore@1.0.5
│ │ │ │     ├─┬ once@1.3.3
│ │ │ │     │ └── wrappy@1.0.2
│ │ │ │     ├─┬ readable-stream@2.1.4
│ │ │ │     │ ├── buffer-shims@1.0.0
│ │ │ │     │ ├── core-util-is@1.0.2
│ │ │ │     │ ├── isarray@1.0.0
│ │ │ │     │ ├── process-nextick-args@1.0.7
│ │ │ │     │ ├── string_decoder@0.10.31
│ │ │ │     │ └── util-deprecate@1.0.2
│ │ │ │     └── uid-number@0.0.6
│ │ │ ├── glob-parent@2.0.0
│ │ │ ├── inherits@2.0.3
│ │ │ ├─┬ is-binary-path@1.0.1
│ │ │ │ └── binary-extensions@1.8.0
│ │ │ ├─┬ is-glob@2.0.1
│ │ │ │ └── is-extglob@1.0.0
│ │ │ ├── path-is-absolute@1.0.1
│ │ │ └─┬ readdirp@2.1.0
│ │ │   ├─┬ readable-stream@2.2.2
│ │ │   │ ├── buffer-shims@1.0.0
│ │ │   │ ├── isarray@1.0.0
│ │ │   │ ├── process-nextick-args@1.0.7
│ │ │   │ └── util-deprecate@1.0.2
│ │ │   └── set-immediate-shim@1.0.1
│ │ └── graceful-fs@4.1.11
│ ├─┬ hexo-i18n@0.2.1
│ │ └── sprintf-js@1.0.3
│ ├─┬ hexo-log@0.1.2
│ │ └─┬ bunyan@1.8.5
│ │   ├── dtrace-provider@0.8.0
│ │   ├─┬ mv@2.1.1
│ │   │ ├─┬ mkdirp@0.5.1
│ │   │ │ └── minimist@0.0.8
│ │   │ ├── ncp@2.0.0
│ │   │ └─┬ rimraf@2.4.5
│ │   │   └─┬ glob@6.0.4
│ │   │     ├─┬ inflight@1.0.6
│ │   │     │ └── wrappy@1.0.2
│ │   │     └── once@1.4.0
│ │   └── safe-json-stringify@1.0.3
│ ├─┬ hexo-util@0.6.0
│ │ ├─┬ camel-case@3.0.0
│ │ │ ├─┬ no-case@2.3.0
│ │ │ │ └── lower-case@1.1.3
│ │ │ └── upper-case@1.1.3
│ │ ├─┬ cross-spawn@4.0.2
│ │ │ ├─┬ lru-cache@4.0.2
│ │ │ │ ├── pseudomap@1.0.2
│ │ │ │ └── yallist@2.0.0
│ │ │ └─┬ which@1.2.12
│ │ │   └── isexe@1.1.2
│ │ ├── highlight.js@9.9.0
│ │ ├── html-entities@1.2.0
│ │ └── striptags@2.1.1
│ ├─┬ js-yaml@3.7.0
│ │ ├── argparse@1.0.9
│ │ └── esprima@2.7.3
│ ├── lodash@4.17.2
│ ├─┬ minimatch@3.0.3
│ │ └─┬ brace-expansion@1.1.6
│ │   ├── balanced-match@0.4.2
│ │   └── concat-map@0.0.1
│ ├── moment@2.13.0
│ ├── moment-timezone@0.5.10
│ ├─┬ nunjucks@2.5.2
│ │ ├── asap@2.0.5
│ │ └─┬ yargs@3.32.0
│ │   ├── camelcase@2.1.1
│ │   ├─┬ cliui@3.2.0
│ │   │ └── wrap-ansi@2.1.0
│ │   ├── decamelize@1.2.0
│ │   ├─┬ os-locale@1.4.0
│ │   │ └─┬ lcid@1.0.0
│ │   │   └── invert-kv@1.0.0
│ │   ├─┬ string-width@1.0.2
│ │   │ ├── code-point-at@1.1.0
│ │   │ └─┬ is-fullwidth-code-point@1.0.0
│ │   │   └── number-is-nan@1.0.1
│ │   ├── window-size@0.1.4
│ │   └── y18n@3.2.1
│ ├── pretty-hrtime@1.0.3
│ ├─┬ strip-indent@1.0.1
│ │ └── get-stdin@4.0.1
│ ├─┬ swig@1.4.2
│ │ ├─┬ optimist@0.6.1
│ │ │ ├── minimist@0.0.10
│ │ │ └── wordwrap@0.0.3
│ │ └─┬ uglify-js@2.4.24
│ │   ├── async@0.2.10
│ │   ├─┬ source-map@0.1.34
│ │   │ └── amdefine@1.0.1
│ │   ├── uglify-to-browserify@1.0.2
│ │   └─┬ yargs@3.5.4
│ │     ├── camelcase@1.2.1
│ │     ├── window-size@0.1.0
│ │     └── wordwrap@0.0.2
│ ├─┬ swig-extras@0.0.1
│ │ └─┬ markdown@0.5.0
│ │   └── nopt@2.1.2
│ ├── text-table@0.2.0
│ ├─┬ tildify@1.2.0
│ │ └── os-homedir@1.0.2
│ ├── titlecase@1.1.2
│ └─┬ warehouse@2.2.0
│   ├─┬ cuid@1.3.8
│   │ ├── browser-fingerprint@0.0.1
│   │ ├── core-js@1.2.7
│   │ └── node-fingerprint@0.0.2
│   ├─┬ is-plain-object@2.0.1
│   │ └── isobject@1.0.2
│   └─┬ JSONStream@1.3.0
│     ├── jsonparse@1.2.0
│     └── through@2.3.8
├─┬ http-server@0.9.0
│ ├── colors@1.0.3
│ ├── corser@2.0.1
│ ├─┬ ecstatic@1.4.1
│ │ ├── he@0.5.0
│ │ ├── mime@1.3.4
│ │ ├── minimist@1.2.0
│ │ └── url-join@1.1.0
│ ├─┬ http-proxy@1.15.2
│ │ ├── eventemitter3@1.2.0
│ │ └── requires-port@1.0.0
│ ├── opener@1.4.2
│ ├─┬ optimist@0.6.1
│ │ ├── minimist@0.0.10
│ │ └── wordwrap@0.0.3
│ ├─┬ portfinder@0.4.0
│ │ ├── async@0.9.0
│ │ └─┬ mkdirp@0.5.1
│ │   └── minimist@0.0.8
│ └─┬ union@0.4.6
│   └── qs@2.3.3
├─┬ json-server@0.8.22
│ ├─┬ body-parser@1.15.2
│ │ ├── bytes@2.4.0
│ │ ├── content-type@1.0.2
│ │ ├─┬ debug@2.2.0
│ │ │ └── ms@0.7.1
│ │ ├── depd@1.1.0
│ │ ├─┬ http-errors@1.5.0
│ │ │ ├── setprototypeof@1.0.1
│ │ │ └── statuses@1.3.0
│ │ ├── iconv-lite@0.4.13
│ │ ├─┬ on-finished@2.3.0
│ │ │ └── ee-first@1.1.1
│ │ ├── qs@6.2.0
│ │ ├─┬ raw-body@2.1.7
│ │ │ └── unpipe@1.0.0
│ │ └─┬ type-is@1.6.13
│ │   └── media-typer@0.3.0
│ ├─┬ chalk@1.1.3
│ │ ├── ansi-styles@2.2.1
│ │ ├── escape-string-regexp@1.0.5
│ │ ├─┬ has-ansi@2.0.0
│ │ │ └── ansi-regex@2.0.0
│ │ ├── strip-ansi@3.0.1
│ │ └── supports-color@2.0.0
│ ├─┬ chokidar@1.6.1
│ │ ├─┬ anymatch@1.3.0
│ │ │ ├── arrify@1.0.1
│ │ │ └─┬ micromatch@2.3.11
│ │ │   ├─┬ arr-diff@2.0.0
│ │ │   │ └── arr-flatten@1.0.1
│ │ │   ├── array-unique@0.2.1
│ │ │   ├─┬ braces@1.8.5
│ │ │   │ ├─┬ expand-range@1.8.2
│ │ │   │ │ └─┬ fill-range@2.2.3
│ │ │   │ │   ├── is-number@2.1.0
│ │ │   │ │   ├── isobject@2.1.0
│ │ │   │ │   ├── randomatic@1.1.5
│ │ │   │ │   └── repeat-string@1.6.1
│ │ │   │ ├── preserve@0.2.0
│ │ │   │ └── repeat-element@1.1.2
│ │ │   ├─┬ expand-brackets@0.1.5
│ │ │   │ └── is-posix-bracket@0.1.1
│ │ │   ├── extglob@0.3.2
│ │ │   ├── filename-regex@2.0.0
│ │ │   ├─┬ kind-of@3.0.4
│ │ │   │ └── is-buffer@1.1.4
│ │ │   ├── normalize-path@2.0.1
│ │ │   ├─┬ object.omit@2.0.1
│ │ │   │ ├─┬ for-own@0.1.4
│ │ │   │ │ └── for-in@0.1.6
│ │ │   │ └── is-extendable@0.1.1
│ │ │   ├─┬ parse-glob@3.0.4
│ │ │   │ ├── glob-base@0.3.0
│ │ │   │ └── is-dotfile@1.0.2
│ │ │   └─┬ regex-cache@0.4.3
│ │ │     ├── is-equal-shallow@0.1.3
│ │ │     └── is-primitive@2.0.0
│ │ ├── async-each@1.0.1
│ │ ├─┬ fsevents@1.0.15
│ │ │ ├── nan@2.4.0
│ │ │ └─┬ node-pre-gyp@0.6.29
│ │ │   ├─┬ mkdirp@0.5.1
│ │ │   │ └── minimist@0.0.8
│ │ │   ├─┬ nopt@3.0.6
│ │ │   │ └── abbrev@1.0.9
│ │ │   ├─┬ npmlog@3.1.2
│ │ │   │ ├─┬ are-we-there-yet@1.1.2
│ │ │   │ │ └── delegates@1.0.0
│ │ │   │ ├── console-control-strings@1.1.0
│ │ │   │ ├─┬ gauge@2.6.0
│ │ │   │ │ ├── aproba@1.0.4
│ │ │   │ │ ├── has-color@0.1.7
│ │ │   │ │ ├── has-unicode@2.0.1
│ │ │   │ │ ├── object-assign@4.1.0
│ │ │   │ │ ├── signal-exit@3.0.0
│ │ │   │ │ ├─┬ string-width@1.0.1
│ │ │   │ │ │ ├─┬ code-point-at@1.0.0
│ │ │   │ │ │ │ └── number-is-nan@1.0.0
│ │ │   │ │ │ └── is-fullwidth-code-point@1.0.0
│ │ │   │ │ ├─┬ strip-ansi@3.0.1
│ │ │   │ │ │ └── ansi-regex@2.0.0
│ │ │   │ │ └── wide-align@1.1.0
│ │ │   │ └── set-blocking@2.0.0
│ │ │   ├─┬ rc@1.1.6
│ │ │   │ ├── deep-extend@0.4.1
│ │ │   │ ├── ini@1.3.4
│ │ │   │ ├── minimist@1.2.0
│ │ │   │ └── strip-json-comments@1.0.4
│ │ │   ├─┬ request@2.73.0
│ │ │   │ ├── aws-sign2@0.6.0
│ │ │   │ ├── aws4@1.4.1
│ │ │   │ ├─┬ bl@1.1.2
│ │ │   │ │ └── readable-stream@2.0.6
│ │ │   │ ├── caseless@0.11.0
│ │ │   │ ├─┬ combined-stream@1.0.5
│ │ │   │ │ └── delayed-stream@1.0.0
│ │ │   │ ├── extend@3.0.0
│ │ │   │ ├── forever-agent@0.6.1
│ │ │   │ ├─┬ form-data@1.0.0-rc4
│ │ │   │ │ └── async@1.5.2
│ │ │   │ ├─┬ har-validator@2.0.6
│ │ │   │ │ ├─┬ chalk@1.1.3
│ │ │   │ │ │ ├── ansi-styles@2.2.1
│ │ │   │ │ │ ├── escape-string-regexp@1.0.5
│ │ │   │ │ │ ├── has-ansi@2.0.0
│ │ │   │ │ │ └── supports-color@2.0.0
│ │ │   │ │ ├─┬ commander@2.9.0
│ │ │   │ │ │ └── graceful-readlink@1.0.1
│ │ │   │ │ ├─┬ is-my-json-valid@2.13.1
│ │ │   │ │ │ ├── generate-function@2.0.0
│ │ │   │ │ │ ├─┬ generate-object-property@1.2.0
│ │ │   │ │ │ │ └── is-property@1.0.2
│ │ │   │ │ │ ├── jsonpointer@2.0.0
│ │ │   │ │ │ └── xtend@4.0.1
│ │ │   │ │ └─┬ pinkie-promise@2.0.1
│ │ │   │ │   └── pinkie@2.0.4
│ │ │   │ ├─┬ hawk@3.1.3
│ │ │   │ │ ├── boom@2.10.1
│ │ │   │ │ ├── cryptiles@2.0.5
│ │ │   │ │ ├── hoek@2.16.3
│ │ │   │ │ └── sntp@1.0.9
│ │ │   │ ├─┬ http-signature@1.1.1
│ │ │   │ │ ├── assert-plus@0.2.0
│ │ │   │ │ ├─┬ jsprim@1.3.0
│ │ │   │ │ │ ├── extsprintf@1.0.2
│ │ │   │ │ │ ├── json-schema@0.2.2
│ │ │   │ │ │ └── verror@1.3.6
│ │ │   │ │ └─┬ sshpk@1.8.3
│ │ │   │ │   ├── asn1@0.2.3
│ │ │   │ │   ├── assert-plus@1.0.0
│ │ │   │ │   ├─┬ dashdash@1.14.0
│ │ │   │ │   │ └── assert-plus@1.0.0
│ │ │   │ │   ├── ecc-jsbn@0.1.1
│ │ │   │ │   ├─┬ getpass@0.1.6
│ │ │   │ │   │ └── assert-plus@1.0.0
│ │ │   │ │   ├── jodid25519@1.0.2
│ │ │   │ │   ├── jsbn@0.1.0
│ │ │   │ │   └── tweetnacl@0.13.3
│ │ │   │ ├── is-typedarray@1.0.0
│ │ │   │ ├── isstream@0.1.2
│ │ │   │ ├── json-stringify-safe@5.0.1
│ │ │   │ ├─┬ mime-types@2.1.11
│ │ │   │ │ └── mime-db@1.23.0
│ │ │   │ ├── node-uuid@1.4.7
│ │ │   │ ├── oauth-sign@0.8.2
│ │ │   │ ├── qs@6.2.0
│ │ │   │ ├── stringstream@0.0.5
│ │ │   │ ├── tough-cookie@2.2.2
│ │ │   │ └── tunnel-agent@0.4.3
│ │ │   ├─┬ rimraf@2.5.3
│ │ │   │ └─┬ glob@7.0.5
│ │ │   │   ├── fs.realpath@1.0.0
│ │ │   │   ├── inflight@1.0.5
│ │ │   │   ├─┬ minimatch@3.0.2
│ │ │   │   │ └─┬ brace-expansion@1.1.5
│ │ │   │   │   ├── balanced-match@0.4.2
│ │ │   │   │   └── concat-map@0.0.1
│ │ │   │   └── path-is-absolute@1.0.0
│ │ │   ├── semver@5.2.0
│ │ │   ├─┬ tar@2.2.1
│ │ │   │ ├── block-stream@0.0.9
│ │ │   │ ├─┬ fstream@1.0.10
│ │ │   │ │ └── graceful-fs@4.1.4
│ │ │   │ └── inherits@2.0.1
│ │ │   └─┬ tar-pack@3.1.4
│ │ │     ├─┬ debug@2.2.0
│ │ │     │ └── ms@0.7.1
│ │ │     ├── fstream-ignore@1.0.5
│ │ │     ├─┬ once@1.3.3
│ │ │     │ └── wrappy@1.0.2
│ │ │     ├─┬ readable-stream@2.1.4
│ │ │     │ ├── buffer-shims@1.0.0
│ │ │     │ ├── core-util-is@1.0.2
│ │ │     │ ├── isarray@1.0.0
│ │ │     │ ├── process-nextick-args@1.0.7
│ │ │     │ ├── string_decoder@0.10.31
│ │ │     │ └── util-deprecate@1.0.2
│ │ │     └── uid-number@0.0.6
│ │ ├── glob-parent@2.0.0
│ │ ├── inherits@2.0.1
│ │ ├─┬ is-binary-path@1.0.1
│ │ │ └── binary-extensions@1.7.0
│ │ ├─┬ is-glob@2.0.1
│ │ │ └── is-extglob@1.0.0
│ │ ├── path-is-absolute@1.0.1
│ │ └─┬ readdirp@2.1.0
│ │   ├─┬ minimatch@3.0.3
│ │   │ └─┬ brace-expansion@1.1.6
│ │   │   ├── balanced-match@0.4.2
│ │   │   └── concat-map@0.0.1
│ │   ├─┬ readable-stream@2.1.5
│ │   │ ├── buffer-shims@1.0.0
│ │   │ ├── core-util-is@1.0.2
│ │   │ ├── isarray@1.0.0
│ │   │ ├── process-nextick-args@1.0.7
│ │   │ ├── string_decoder@0.10.31
│ │   │ └── util-deprecate@1.0.2
│ │   └── set-immediate-shim@1.0.1
│ ├─┬ compression@1.6.2
│ │ ├─┬ accepts@1.3.3
│ │ │ └── negotiator@0.6.1
│ │ ├── bytes@2.3.0
│ │ ├─┬ compressible@2.0.9
│ │ │ └── mime-db@1.24.0
│ │ ├── on-headers@1.0.1
│ │ └── vary@1.1.0
│ ├── connect-pause@0.1.0
│ ├── cors@2.8.1
│ ├─┬ errorhandler@1.4.3
│ │ └── escape-html@1.0.3
│ ├─┬ express@4.14.0
│ │ ├── array-flatten@1.1.1
│ │ ├── content-disposition@0.5.1
│ │ ├── cookie@0.3.1
│ │ ├── cookie-signature@1.0.6
│ │ ├── encodeurl@1.0.1
│ │ ├── etag@1.7.0
│ │ ├── finalhandler@0.5.0
│ │ ├── fresh@0.3.0
│ │ ├── merge-descriptors@1.0.1
│ │ ├── methods@1.1.2
│ │ ├── parseurl@1.3.1
│ │ ├── path-to-regexp@0.1.7
│ │ ├─┬ proxy-addr@1.1.2
│ │ │ ├── forwarded@0.1.0
│ │ │ └── ipaddr.js@1.1.1
│ │ ├── range-parser@1.2.0
│ │ ├─┬ send@0.14.1
│ │ │ ├── destroy@1.0.4
│ │ │ └── mime@1.3.4
│ │ ├── serve-static@1.11.1
│ │ └── utils-merge@1.0.0
│ ├── lodash@4.16.6
│ ├─┬ lowdb@0.13.1
│ │ ├── graceful-fs@4.1.10
│ │ ├── is-promise@2.1.0
│ │ ├─┬ json-parse-helpfulerror@1.0.3
│ │ │ └── jju@1.3.0
│ │ └── steno@0.4.4
│ ├── method-override@2.3.6
│ ├─┬ morgan@1.7.0
│ │ └── basic-auth@1.0.4
│ ├── node-uuid@1.4.7
│ ├── object-assign@4.1.0
│ ├── pluralize@3.0.0
│ ├─┬ request@2.76.0
│ │ ├── aws-sign2@0.6.0
│ │ ├── aws4@1.5.0
│ │ ├── caseless@0.11.0
│ │ ├─┬ combined-stream@1.0.5
│ │ │ └── delayed-stream@1.0.0
│ │ ├── extend@3.0.0
│ │ ├── forever-agent@0.6.1
│ │ ├─┬ form-data@2.1.1
│ │ │ └── asynckit@0.4.0
│ │ ├─┬ har-validator@2.0.6
│ │ │ ├─┬ commander@2.9.0
│ │ │ │ └── graceful-readlink@1.0.1
│ │ │ ├─┬ is-my-json-valid@2.15.0
│ │ │ │ ├── generate-function@2.0.0
│ │ │ │ ├─┬ generate-object-property@1.2.0
│ │ │ │ │ └── is-property@1.0.2
│ │ │ │ ├── jsonpointer@4.0.0
│ │ │ │ └── xtend@4.0.1
│ │ │ └─┬ pinkie-promise@2.0.1
│ │ │   └── pinkie@2.0.4
│ │ ├─┬ hawk@3.1.3
│ │ │ ├── boom@2.10.1
│ │ │ ├── cryptiles@2.0.5
│ │ │ ├── hoek@2.16.3
│ │ │ └── sntp@1.0.9
│ │ ├─┬ http-signature@1.1.1
│ │ │ ├── assert-plus@0.2.0
│ │ │ ├─┬ jsprim@1.3.1
│ │ │ │ ├── extsprintf@1.0.2
│ │ │ │ ├── json-schema@0.2.3
│ │ │ │ └── verror@1.3.6
│ │ │ └─┬ sshpk@1.10.1
│ │ │   ├── asn1@0.2.3
│ │ │   ├── assert-plus@1.0.0
│ │ │   ├── bcrypt-pbkdf@1.0.0
│ │ │   ├─┬ dashdash@1.14.0
│ │ │   │ └── assert-plus@1.0.0
│ │ │   ├── ecc-jsbn@0.1.1
│ │ │   ├─┬ getpass@0.1.6
│ │ │   │ └── assert-plus@1.0.0
│ │ │   ├── jodid25519@1.0.2
│ │ │   ├── jsbn@0.1.0
│ │ │   └── tweetnacl@0.14.3
│ │ ├── is-typedarray@1.0.0
│ │ ├── isstream@0.1.2
│ │ ├── json-stringify-safe@5.0.1
│ │ ├── mime-types@2.1.12
│ │ ├── oauth-sign@0.8.2
│ │ ├── qs@6.3.0
│ │ ├── stringstream@0.0.5
│ │ ├─┬ tough-cookie@2.3.2
│ │ │ └── punycode@1.4.1
│ │ └── tunnel-agent@0.4.3
│ ├── server-destroy@1.0.1
│ ├── underscore-db@0.10.0
│ ├─┬ update-notifier@1.0.2
│ │ ├─┬ boxen@0.6.0
│ │ │ ├── ansi-align@1.1.0
│ │ │ ├── camelcase@2.1.1
│ │ │ ├── cli-boxes@1.0.0
│ │ │ ├── filled-array@1.1.0
│ │ │ ├─┬ repeating@2.0.1
│ │ │ │ └── is-finite@1.0.2
│ │ │ └── widest-line@1.0.0
│ │ ├─┬ configstore@2.1.0
│ │ │ ├─┬ dot-prop@3.0.0
│ │ │ │ └── is-obj@1.0.1
│ │ │ ├─┬ mkdirp@0.5.1
│ │ │ │ └── minimist@0.0.8
│ │ │ ├── os-tmpdir@1.0.2
│ │ │ ├── osenv@0.1.3
│ │ │ ├── uuid@2.0.3
│ │ │ └─┬ write-file-atomic@1.2.0
│ │ │   ├── imurmurhash@0.1.4
│ │ │   └── slide@1.1.6
│ │ ├── is-npm@1.0.0
│ │ ├─┬ latest-version@2.0.0
│ │ │ └─┬ package-json@2.4.0
│ │ │   ├─┬ got@5.7.1
│ │ │   │ ├─┬ create-error-class@3.0.2
│ │ │   │ │ └── capture-stack-trace@1.0.0
│ │ │   │ ├── duplexer2@0.1.4
│ │ │   │ ├── is-redirect@1.0.0
│ │ │   │ ├── is-retry-allowed@1.1.0
│ │ │   │ ├── is-stream@1.1.0
│ │ │   │ ├── lowercase-keys@1.0.0
│ │ │   │ ├── node-status-codes@1.0.0
│ │ │   │ ├─┬ parse-json@2.2.0
│ │ │   │ │ └─┬ error-ex@1.3.0
│ │ │   │ │   └── is-arrayish@0.2.1
│ │ │   │ ├── read-all-stream@3.1.0
│ │ │   │ ├── timed-out@3.0.0
│ │ │   │ ├── unzip-response@1.0.2
│ │ │   │ └─┬ url-parse-lax@1.0.0
│ │ │   │   └── prepend-http@1.0.4
│ │ │   ├─┬ registry-auth-token@3.1.0
│ │ │   │ └─┬ rc@1.1.6
│ │ │   │   ├── deep-extend@0.4.1
│ │ │   │   ├── ini@1.3.4
│ │ │   │   ├── minimist@1.2.0
│ │ │   │   └── strip-json-comments@1.0.4
│ │ │   └── registry-url@3.1.0
│ │ ├── lazy-req@1.1.0
│ │ ├─┬ semver-diff@2.1.0
│ │ │ └── semver@5.3.0
│ │ └─┬ xdg-basedir@2.0.0
│ │   └── os-homedir@1.0.2
│ └─┬ yargs@4.8.1
│   ├─┬ cliui@3.2.0
│   │ └── wrap-ansi@2.0.0
│   ├── decamelize@1.2.0
│   ├── get-caller-file@1.0.2
│   ├── lodash.assign@4.2.0
│   ├─┬ os-locale@1.4.0
│   │ └─┬ lcid@1.0.0
│   │   └── invert-kv@1.0.0
│   ├─┬ read-pkg-up@1.0.1
│   │ ├─┬ find-up@1.1.2
│   │ │ └── path-exists@2.1.0
│   │ └─┬ read-pkg@1.1.0
│   │   ├─┬ load-json-file@1.1.0
│   │   │ ├── pify@2.3.0
│   │   │ └─┬ strip-bom@2.0.0
│   │   │   └── is-utf8@0.2.1
│   │   ├─┬ normalize-package-data@2.3.5
│   │   │ ├── hosted-git-info@2.1.5
│   │   │ ├─┬ is-builtin-module@1.0.0
│   │   │ │ └── builtin-modules@1.1.1
│   │   │ └─┬ validate-npm-package-license@3.0.1
│   │   │   ├─┬ spdx-correct@1.0.2
│   │   │   │ └── spdx-license-ids@1.2.2
│   │   │   └── spdx-expression-parse@1.0.4
│   │   └── path-type@1.1.0
│   ├── require-directory@2.1.1
│   ├── require-main-filename@1.0.1
│   ├── set-blocking@2.0.0
│   ├─┬ string-width@1.0.2
│   │ ├─┬ code-point-at@1.0.1
│   │ │ └── number-is-nan@1.0.1
│   │ └── is-fullwidth-code-point@1.0.0
│   ├── which-module@1.0.0
│   ├── window-size@0.2.0
│   ├── y18n@3.2.1
│   └─┬ yargs-parser@2.4.1
│     └── camelcase@3.0.0
├─┬ less@2.7.1
│ ├─┬ errno@0.1.4
│ │ └── prr@0.0.0
│ ├── graceful-fs@4.1.11
│ ├── image-size@0.5.0
│ ├── mime@1.3.4
│ ├─┬ mkdirp@0.5.1
│ │ └── minimist@0.0.8
│ ├─┬ promise@7.1.1
│ │ └── asap@2.0.5
│ └── source-map@0.5.6
├─┬ npm@3.10.8
│ ├── abbrev@1.0.9
│ ├── ansi-regex@2.0.0
│ ├── ansicolors@0.3.2
│ ├── ansistyles@0.1.3
│ ├── aproba@1.0.4
│ ├── archy@1.0.0
│ ├── asap@2.0.4
│ ├── chownr@1.0.1
│ ├── cmd-shim@2.0.2
│ ├─┬ columnify@1.5.4
│ │ └─┬ wcwidth@1.0.0
│ │   └─┬ defaults@1.0.3
│ │     └── clone@1.0.2
│ ├─┬ config-chain@1.1.10
│ │ └── proto-list@1.2.4
│ ├── debuglog@1.0.1
│ ├── dezalgo@1.0.3
│ ├── editor@1.0.0
│ ├── fs-vacuum@1.2.9
│ ├── fs-write-stream-atomic@1.0.8
│ ├── fstream@1.0.10
│ ├─┬ fstream-npm@1.2.0
│ │ └─┬ fstream-ignore@1.0.5
│ │   └─┬ minimatch@3.0.3
│ │     └─┬ brace-expansion@1.1.6
│ │       ├── balanced-match@0.4.2
│ │       └── concat-map@0.0.1
│ ├─┬ glob@7.0.6
│ │ ├── fs.realpath@1.0.0
│ │ ├─┬ minimatch@3.0.3
│ │ │ └─┬ brace-expansion@1.1.6
│ │ │   ├── balanced-match@0.4.2
│ │ │   └── concat-map@0.0.1
│ │ └── path-is-absolute@1.0.0
│ ├── graceful-fs@4.1.6
│ ├── has-unicode@2.0.1
│ ├── hosted-git-info@2.1.5
│ ├── iferr@0.1.5
│ ├── imurmurhash@0.1.4
│ ├── inflight@1.0.5
│ ├── inherits@2.0.3
│ ├── ini@1.3.4
│ ├─┬ init-package-json@1.9.4
│ │ ├─┬ glob@6.0.4
│ │ │ ├─┬ minimatch@3.0.3
│ │ │ │ └─┬ brace-expansion@1.1.6
│ │ │ │   ├── balanced-match@0.4.2
│ │ │ │   └── concat-map@0.0.1
│ │ │ └── path-is-absolute@1.0.0
│ │ └── promzard@0.3.0
│ ├── lockfile@1.0.1
│ ├── lodash._baseindexof@3.1.0
│ ├─┬ lodash._baseuniq@4.6.0
│ │ ├── lodash._createset@4.0.3
│ │ └── lodash._root@3.0.1
│ ├── lodash._bindcallback@3.0.1
│ ├── lodash._cacheindexof@3.0.2
│ ├── lodash._createcache@3.1.2
│ ├── lodash._getnative@3.9.1
│ ├── lodash.clonedeep@4.5.0
│ ├── lodash.restparam@3.6.1
│ ├── lodash.union@4.6.0
│ ├── lodash.uniq@4.5.0
│ ├── lodash.without@4.4.0
│ ├─┬ mkdirp@0.5.1
│ │ └── minimist@0.0.8
│ ├─┬ node-gyp@3.4.0
│ │ ├─┬ minimatch@3.0.3
│ │ │ └─┬ brace-expansion@1.1.6
│ │ │   ├── balanced-match@0.4.2
│ │ │   └── concat-map@0.0.1
│ │ ├─┬ npmlog@3.1.2
│ │ │ ├─┬ are-we-there-yet@1.1.2
│ │ │ │ └── delegates@1.0.0
│ │ │ ├── console-control-strings@1.1.0
│ │ │ ├─┬ gauge@2.6.0
│ │ │ │ ├── has-color@0.1.7
│ │ │ │ ├── object-assign@4.1.0
│ │ │ │ ├── signal-exit@3.0.0
│ │ │ │ ├─┬ string-width@1.0.2
│ │ │ │ │ ├─┬ code-point-at@1.0.0
│ │ │ │ │ │ └── number-is-nan@1.0.0
│ │ │ │ │ └─┬ is-fullwidth-code-point@1.0.0
│ │ │ │ │   └── number-is-nan@1.0.0
│ │ │ │ └── wide-align@1.1.0
│ │ │ └── set-blocking@2.0.0
│ │ └─┬ path-array@1.0.1
│ │   └─┬ array-index@1.0.0
│ │     ├─┬ debug@2.2.0
│ │     │ └── ms@0.7.1
│ │     └─┬ es6-symbol@3.1.0
│ │       ├── d@0.1.1
│ │       └─┬ es5-ext@0.10.12
│ │         └── es6-iterator@2.0.0
│ ├── nopt@3.0.6
│ ├── normalize-git-url@3.0.2
│ ├─┬ normalize-package-data@2.3.5
│ │ └─┬ is-builtin-module@1.0.0
│ │   └── builtin-modules@1.1.1
│ ├── npm-cache-filename@1.0.2
│ ├── npm-install-checks@3.0.0
│ ├── npm-package-arg@4.2.0
│ ├─┬ npm-registry-client@7.2.1
│ │ ├─┬ concat-stream@1.5.2
│ │ │ ├─┬ readable-stream@2.0.6
│ │ │ │ ├── core-util-is@1.0.2
│ │ │ │ ├── isarray@1.0.0
│ │ │ │ ├── process-nextick-args@1.0.7
│ │ │ │ ├── string_decoder@0.10.31
│ │ │ │ └── util-deprecate@1.0.2
│ │ │ └── typedarray@0.0.6
│ │ ├─┬ npmlog@3.1.2
│ │ │ ├─┬ are-we-there-yet@1.1.2
│ │ │ │ └── delegates@1.0.0
│ │ │ ├── console-control-strings@1.1.0
│ │ │ ├─┬ gauge@2.6.0
│ │ │ │ ├── has-color@0.1.7
│ │ │ │ ├── object-assign@4.1.0
│ │ │ │ ├── signal-exit@3.0.0
│ │ │ │ ├─┬ string-width@1.0.2
│ │ │ │ │ ├─┬ code-point-at@1.0.0
│ │ │ │ │ │ └── number-is-nan@1.0.0
│ │ │ │ │ └─┬ is-fullwidth-code-point@1.0.0
│ │ │ │ │   └── number-is-nan@1.0.0
│ │ │ │ └── wide-align@1.1.0
│ │ │ └── set-blocking@2.0.0
│ │ └── retry@0.10.0
│ ├── npm-user-validate@0.1.5
│ ├─┬ npmlog@4.0.0
│ │ ├─┬ are-we-there-yet@1.1.2
│ │ │ └── delegates@1.0.0
│ │ ├── console-control-strings@1.1.0
│ │ ├─┬ gauge@2.6.0
│ │ │ ├── has-color@0.1.7
│ │ │ ├── object-assign@4.1.0
│ │ │ ├── signal-exit@3.0.0
│ │ │ ├─┬ string-width@1.0.2
│ │ │ │ ├─┬ code-point-at@1.0.0
│ │ │ │ │ └── number-is-nan@1.0.0
│ │ │ │ └─┬ is-fullwidth-code-point@1.0.0
│ │ │ │   └── number-is-nan@1.0.0
│ │ │ └── wide-align@1.1.0
│ │ └── set-blocking@2.0.0
│ ├── once@1.4.0
│ ├── opener@1.4.1
│ ├─┬ osenv@0.1.3
│ │ ├── os-homedir@1.0.1
│ │ └── os-tmpdir@1.0.1
│ ├── path-is-inside@1.0.1
│ ├─┬ read@1.0.7
│ │ └── mute-stream@0.0.5
│ ├── read-cmd-shim@1.0.1
│ ├─┬ read-installed@4.0.3
│ │ └── util-extend@1.0.3
│ ├─┬ read-package-json@2.0.4
│ │ ├─┬ glob@6.0.4
│ │ │ ├─┬ minimatch@3.0.3
│ │ │ │ └─┬ brace-expansion@1.1.6
│ │ │ │   ├── balanced-match@0.4.2
│ │ │ │   └── concat-map@0.0.1
│ │ │ └── path-is-absolute@1.0.0
│ │ └─┬ json-parse-helpfulerror@1.0.3
│ │   └── jju@1.3.0
│ ├── read-package-tree@5.1.5
│ ├─┬ readable-stream@2.1.5
│ │ ├── buffer-shims@1.0.0
│ │ ├── core-util-is@1.0.2
│ │ ├── isarray@1.0.0
│ │ ├── process-nextick-args@1.0.7
│ │ ├── string_decoder@0.10.31
│ │ └── util-deprecate@1.0.2
│ ├── readdir-scoped-modules@1.0.2
│ ├── realize-package-specifier@3.0.3
│ ├─┬ request@2.74.0
│ │ ├── aws-sign2@0.6.0
│ │ ├── aws4@1.4.1
│ │ ├─┬ bl@1.1.2
│ │ │ └─┬ readable-stream@2.0.6
│ │ │   ├── core-util-is@1.0.2
│ │ │   ├── isarray@1.0.0
│ │ │   ├── process-nextick-args@1.0.7
│ │ │   ├── string_decoder@0.10.31
│ │ │   └── util-deprecate@1.0.2
│ │ ├── caseless@0.11.0
│ │ ├─┬ combined-stream@1.0.5
│ │ │ └── delayed-stream@1.0.0
│ │ ├── extend@3.0.0
│ │ ├── forever-agent@0.6.1
│ │ ├─┬ form-data@1.0.0-rc4
│ │ │ └── async@1.5.2
│ │ ├─┬ har-validator@2.0.6
│ │ │ ├─┬ chalk@1.1.3
│ │ │ │ ├── ansi-styles@2.2.1
│ │ │ │ ├── escape-string-regexp@1.0.5
│ │ │ │ ├── has-ansi@2.0.0
│ │ │ │ └── supports-color@2.0.0
│ │ │ ├─┬ commander@2.9.0
│ │ │ │ └── graceful-readlink@1.0.1
│ │ │ ├─┬ is-my-json-valid@2.13.1
│ │ │ │ ├── generate-function@2.0.0
│ │ │ │ ├─┬ generate-object-property@1.2.0
│ │ │ │ │ └── is-property@1.0.2
│ │ │ │ ├── jsonpointer@2.0.0
│ │ │ │ └── xtend@4.0.1
│ │ │ └─┬ pinkie-promise@2.0.1
│ │ │   └── pinkie@2.0.4
│ │ ├─┬ hawk@3.1.3
│ │ │ ├── boom@2.10.1
│ │ │ ├── cryptiles@2.0.5
│ │ │ ├── hoek@2.16.3
│ │ │ └── sntp@1.0.9
│ │ ├─┬ http-signature@1.1.1
│ │ │ ├── assert-plus@0.2.0
│ │ │ ├─┬ jsprim@1.3.0
│ │ │ │ ├── extsprintf@1.0.2
│ │ │ │ ├── json-schema@0.2.2
│ │ │ │ └── verror@1.3.6
│ │ │ └─┬ sshpk@1.9.2
│ │ │   ├── asn1@0.2.3
│ │ │   ├── assert-plus@1.0.0
│ │ │   ├── dashdash@1.14.0
│ │ │   ├── ecc-jsbn@0.1.1
│ │ │   ├── getpass@0.1.6
│ │ │   ├── jodid25519@1.0.2
│ │ │   ├── jsbn@0.1.0
│ │ │   └── tweetnacl@0.13.3
│ │ ├── is-typedarray@1.0.0
│ │ ├── isstream@0.1.2
│ │ ├── json-stringify-safe@5.0.1
│ │ ├─┬ mime-types@2.1.11
│ │ │ └── mime-db@1.23.0
│ │ ├── node-uuid@1.4.7
│ │ ├── oauth-sign@0.8.2
│ │ ├── qs@6.2.1
│ │ ├── stringstream@0.0.5
│ │ ├── tough-cookie@2.3.1
│ │ └── tunnel-agent@0.4.3
│ ├── retry@0.10.0
│ ├── rimraf@2.5.4
│ ├── semver@5.3.0
│ ├── sha@2.0.1
│ ├── slide@1.1.6
│ ├── sorted-object@2.0.0
│ ├── strip-ansi@3.0.1
│ ├─┬ tar@2.2.1
│ │ └── block-stream@0.0.8
│ ├── text-table@0.2.0
│ ├── uid-number@0.0.6
│ ├── umask@1.1.0
│ ├─┬ unique-filename@1.1.0
│ │ └── unique-slug@2.0.0
│ ├── unpipe@1.0.0
│ ├─┬ validate-npm-package-license@3.0.1
│ │ ├─┬ spdx-correct@1.0.2
│ │ │ └── spdx-license-ids@1.2.0
│ │ └─┬ spdx-expression-parse@1.0.2
│ │   ├── spdx-exceptions@1.0.4
│ │   └── spdx-license-ids@1.2.0
│ ├─┬ validate-npm-package-name@2.2.2
│ │ └── builtins@0.0.7
│ ├─┬ which@1.2.11
│ │ └── isexe@1.1.2
│ ├── wrappy@1.0.2
│ └── write-file-atomic@1.2.0
├─┬ tldr@1.7.0
│ ├─┬ chalk@1.1.3
│ │ ├── ansi-styles@2.2.1
│ │ ├── escape-string-regexp@1.0.5
│ │ ├─┬ has-ansi@2.0.0
│ │ │ └── ansi-regex@2.0.0
│ │ ├── strip-ansi@3.0.1
│ │ └── supports-color@2.0.0
│ ├─┬ commander@2.9.0
│ │ └── graceful-readlink@1.0.1
│ ├─┬ fs-extra@0.30.0
│ │ ├── graceful-fs@4.1.9
│ │ ├── jsonfile@2.4.0
│ │ ├── klaw@1.3.1
│ │ ├── path-is-absolute@1.0.1
│ │ └─┬ rimraf@2.5.4
│ │   └─┬ glob@7.1.1
│ │     ├── fs.realpath@1.0.0
│ │     ├─┬ inflight@1.0.6
│ │     │ └── wrappy@1.0.2
│ │     ├─┬ minimatch@3.0.3
│ │     │ └─┬ brace-expansion@1.1.6
│ │     │   ├── balanced-match@0.4.2
│ │     │   └── concat-map@0.0.1
│ │     └── once@1.4.0
│ ├── lodash.compact@3.0.1
│ ├── lodash.defaults@4.2.0
│ ├── lodash.get@4.4.2
│ ├── lodash.identity@3.0.0
│ ├── lodash.isempty@4.4.0
│ ├── lodash.last@3.0.0
│ ├── lodash.map@4.6.0
│ ├── lodash.memoize@4.1.2
│ ├── lodash.partial@4.2.1
│ ├── lodash.sample@4.2.1
│ ├── lodash.unescape@4.0.1
│ ├── marked@0.3.6
│ ├── ms@0.7.2
│ ├── os-homedir@1.0.2
│ ├─┬ request@2.75.0
│ │ ├── aws-sign2@0.6.0
│ │ ├── aws4@1.5.0
│ │ ├─┬ bl@1.1.2
│ │ │ └─┬ readable-stream@2.0.6
│ │ │   ├── isarray@1.0.0
│ │ │   ├── process-nextick-args@1.0.7
│ │ │   └── util-deprecate@1.0.2
│ │ ├── caseless@0.11.0
│ │ ├─┬ combined-stream@1.0.5
│ │ │ └── delayed-stream@1.0.0
│ │ ├── extend@3.0.0
│ │ ├── forever-agent@0.6.1
│ │ ├─┬ form-data@2.0.0
│ │ │ └── asynckit@0.4.0
│ │ ├─┬ har-validator@2.0.6
│ │ │ ├─┬ is-my-json-valid@2.15.0
│ │ │ │ ├── generate-function@2.0.0
│ │ │ │ ├─┬ generate-object-property@1.2.0
│ │ │ │ │ └── is-property@1.0.2
│ │ │ │ ├── jsonpointer@4.0.0
│ │ │ │ └── xtend@4.0.1
│ │ │ └─┬ pinkie-promise@2.0.1
│ │ │   └── pinkie@2.0.4
│ │ ├─┬ hawk@3.1.3
│ │ │ ├── boom@2.10.1
│ │ │ ├── cryptiles@2.0.5
│ │ │ ├── hoek@2.16.3
│ │ │ └── sntp@1.0.9
│ │ ├─┬ http-signature@1.1.1
│ │ │ ├── assert-plus@0.2.0
│ │ │ ├─┬ jsprim@1.3.1
│ │ │ │ ├── extsprintf@1.0.2
│ │ │ │ ├── json-schema@0.2.3
│ │ │ │ └── verror@1.3.6
│ │ │ └─┬ sshpk@1.10.1
│ │ │   ├── asn1@0.2.3
│ │ │   ├── assert-plus@1.0.0
│ │ │   ├── bcrypt-pbkdf@1.0.0
│ │ │   ├─┬ dashdash@1.14.0
│ │ │   │ └── assert-plus@1.0.0
│ │ │   ├── ecc-jsbn@0.1.1
│ │ │   ├─┬ getpass@0.1.6
│ │ │   │ └── assert-plus@1.0.0
│ │ │   ├── jodid25519@1.0.2
│ │ │   ├── jsbn@0.1.0
│ │ │   └── tweetnacl@0.14.3
│ │ ├── is-typedarray@1.0.0
│ │ ├── isstream@0.1.2
│ │ ├── json-stringify-safe@5.0.1
│ │ ├─┬ mime-types@2.1.12
│ │ │ └── mime-db@1.24.0
│ │ ├── node-uuid@1.4.7
│ │ ├── oauth-sign@0.8.2
│ │ ├── qs@6.2.1
│ │ ├── stringstream@0.0.5
│ │ ├─┬ tough-cookie@2.3.2
│ │ │ └── punycode@1.4.1
│ │ └── tunnel-agent@0.4.3
│ └─┬ unzip2@0.2.5
│   ├─┬ binary@0.3.0
│   │ ├── buffers@0.1.1
│   │ └─┬ chainsaw@0.1.0
│   │   └── traverse@0.3.9
│   ├─┬ fstream@0.1.31
│   │ ├─┬ graceful-fs@3.0.11
│   │ │ └── natives@1.1.0
│   │ ├── inherits@2.0.3
│   │ └─┬ mkdirp@0.5.1
│   │   └── minimist@0.0.8
│   ├─┬ match-stream@0.0.2
│   │ └─┬ readable-stream@1.0.34
│   │   └── isarray@0.0.1
│   ├─┬ pullstream@0.4.1
│   │ ├── over@0.0.5
│   │ ├─┬ readable-stream@1.0.34
│   │ │ └── isarray@0.0.1
│   │ └─┬ slice-stream@1.0.0
│   │   └─┬ readable-stream@1.0.34
│   │     └── isarray@0.0.1
│   ├─┬ readable-stream@1.0.34
│   │ ├── core-util-is@1.0.2
│   │ ├── isarray@0.0.1
│   │ └── string_decoder@0.10.31
│   └── setimmediate@1.0.5
├─┬ webpack@1.13.3
│ ├── acorn@3.3.0
│ ├── async@1.5.2
│ ├── clone@1.0.2
│ ├─┬ enhanced-resolve@0.9.1
│ │ ├── graceful-fs@4.1.10
│ │ └── memory-fs@0.2.0
│ ├── interpret@0.6.6
│ ├─┬ loader-utils@0.2.16
│ │ ├── big.js@3.1.3
│ │ ├── emojis-list@2.1.0
│ │ ├── json5@0.5.0
│ │ └── object-assign@4.1.0
│ ├─┬ memory-fs@0.3.0
│ │ ├─┬ errno@0.1.4
│ │ │ └── prr@0.0.0
│ │ └─┬ readable-stream@2.1.5
│ │   ├── buffer-shims@1.0.0
│ │   ├── core-util-is@1.0.2
│ │   ├── inherits@2.0.3
│ │   ├── isarray@1.0.0
│ │   ├── process-nextick-args@1.0.7
│ │   └── util-deprecate@1.0.2
│ ├─┬ mkdirp@0.5.1
│ │ └── minimist@0.0.8
│ ├─┬ node-libs-browser@0.6.0
│ │ ├── assert@1.4.1
│ │ ├─┬ browserify-zlib@0.1.4
│ │ │ └── pako@0.2.9
│ │ ├─┬ buffer@4.9.1
│ │ │ ├── base64-js@1.2.0
│ │ │ └── ieee754@1.1.8
│ │ ├─┬ console-browserify@1.1.0
│ │ │ └── date-now@0.1.4
│ │ ├── constants-browserify@0.0.1
│ │ ├─┬ crypto-browserify@3.2.8
│ │ │ ├── pbkdf2-compat@2.0.1
│ │ │ ├── ripemd160@0.2.0
│ │ │ └── sha.js@2.2.6
│ │ ├── domain-browser@1.1.7
│ │ ├── events@1.1.1
│ │ ├─┬ http-browserify@1.7.0
│ │ │ └── Base64@0.2.1
│ │ ├── https-browserify@0.0.0
│ │ ├── os-browserify@0.1.2
│ │ ├── path-browserify@0.0.0
│ │ ├── process@0.11.9
│ │ ├── punycode@1.4.1
│ │ ├── querystring-es3@0.2.1
│ │ ├─┬ readable-stream@1.1.14
│ │ │ └── isarray@0.0.1
│ │ ├─┬ stream-browserify@1.0.0
│ │ │ └─┬ readable-stream@1.1.14
│ │ │   └── isarray@0.0.1
│ │ ├── string_decoder@0.10.31
│ │ ├── timers-browserify@1.4.2
│ │ ├── tty-browserify@0.0.0
│ │ ├─┬ url@0.10.3
│ │ │ ├── punycode@1.3.2
│ │ │ └── querystring@0.2.0
│ │ ├─┬ util@0.10.3
│ │ │ └── inherits@2.0.1
│ │ └─┬ vm-browserify@0.0.4
│ │   └── indexof@0.0.1
│ ├─┬ optimist@0.6.1
│ │ └── wordwrap@0.0.3
│ ├─┬ supports-color@3.1.2
│ │ └── has-flag@1.0.0
│ ├── tapable@0.1.10
│ ├─┬ uglify-js@2.7.4
│ │ ├── async@0.2.10
│ │ ├── source-map@0.5.6
│ │ ├── uglify-to-browserify@1.0.2
│ │ └─┬ yargs@3.10.0
│ │   ├── camelcase@1.2.1
│ │   ├─┬ cliui@2.1.0
│ │   │ ├─┬ center-align@0.1.3
│ │   │ │ ├─┬ align-text@0.1.4
│ │   │ │ │ ├── longest@1.0.1
│ │   │ │ │ └── repeat-string@1.6.1
│ │   │ │ └── lazy-cache@1.0.4
│ │   │ ├── right-align@0.1.3
│ │   │ └── wordwrap@0.0.2
│ │   ├── decamelize@1.2.0
│ │   └── window-size@0.1.0
│ ├─┬ watchpack@0.2.9
│ │ ├── async@0.9.2
│ │ └─┬ chokidar@1.6.1
│ │   ├─┬ anymatch@1.3.0
│ │   │ ├── arrify@1.0.1
│ │   │ └─┬ micromatch@2.3.11
│ │   │   ├─┬ arr-diff@2.0.0
│ │   │   │ └── arr-flatten@1.0.1
│ │   │   ├── array-unique@0.2.1
│ │   │   ├─┬ braces@1.8.5
│ │   │   │ ├─┬ expand-range@1.8.2
│ │   │   │ │ └─┬ fill-range@2.2.3
│ │   │   │ │   ├── is-number@2.1.0
│ │   │   │ │   ├── isobject@2.1.0
│ │   │   │ │   └── randomatic@1.1.5
│ │   │   │ ├── preserve@0.2.0
│ │   │   │ └── repeat-element@1.1.2
│ │   │   ├─┬ expand-brackets@0.1.5
│ │   │   │ └── is-posix-bracket@0.1.1
│ │   │   ├── extglob@0.3.2
│ │   │   ├── filename-regex@2.0.0
│ │   │   ├─┬ kind-of@3.0.4
│ │   │   │ └── is-buffer@1.1.4
│ │   │   ├── normalize-path@2.0.1
│ │   │   ├─┬ object.omit@2.0.1
│ │   │   │ ├─┬ for-own@0.1.4
│ │   │   │ │ └── for-in@0.1.6
│ │   │   │ └── is-extendable@0.1.1
│ │   │   ├─┬ parse-glob@3.0.4
│ │   │   │ ├── glob-base@0.3.0
│ │   │   │ └── is-dotfile@1.0.2
│ │   │   └─┬ regex-cache@0.4.3
│ │   │     ├── is-equal-shallow@0.1.3
│ │   │     └── is-primitive@2.0.0
│ │   ├── async-each@1.0.1
│ │   ├─┬ fsevents@1.0.15
│ │   │ ├── nan@2.4.0
│ │   │ └─┬ node-pre-gyp@0.6.29
│ │   │   ├─┬ mkdirp@0.5.1
│ │   │   │ └── minimist@0.0.8
│ │   │   ├─┬ nopt@3.0.6
│ │   │   │ └── abbrev@1.0.9
│ │   │   ├─┬ npmlog@3.1.2
│ │   │   │ ├─┬ are-we-there-yet@1.1.2
│ │   │   │ │ └── delegates@1.0.0
│ │   │   │ ├── console-control-strings@1.1.0
│ │   │   │ ├─┬ gauge@2.6.0
│ │   │   │ │ ├── aproba@1.0.4
│ │   │   │ │ ├── has-color@0.1.7
│ │   │   │ │ ├── has-unicode@2.0.1
│ │   │   │ │ ├── object-assign@4.1.0
│ │   │   │ │ ├── signal-exit@3.0.0
│ │   │   │ │ ├─┬ string-width@1.0.1
│ │   │   │ │ │ ├─┬ code-point-at@1.0.0
│ │   │   │ │ │ │ └── number-is-nan@1.0.0
│ │   │   │ │ │ └── is-fullwidth-code-point@1.0.0
│ │   │   │ │ ├─┬ strip-ansi@3.0.1
│ │   │   │ │ │ └── ansi-regex@2.0.0
│ │   │   │ │ └── wide-align@1.1.0
│ │   │   │ └── set-blocking@2.0.0
│ │   │   ├─┬ rc@1.1.6
│ │   │   │ ├── deep-extend@0.4.1
│ │   │   │ ├── ini@1.3.4
│ │   │   │ ├── minimist@1.2.0
│ │   │   │ └── strip-json-comments@1.0.4
│ │   │   ├─┬ request@2.73.0
│ │   │   │ ├── aws-sign2@0.6.0
│ │   │   │ ├── aws4@1.4.1
│ │   │   │ ├─┬ bl@1.1.2
│ │   │   │ │ └── readable-stream@2.0.6
│ │   │   │ ├── caseless@0.11.0
│ │   │   │ ├─┬ combined-stream@1.0.5
│ │   │   │ │ └── delayed-stream@1.0.0
│ │   │   │ ├── extend@3.0.0
│ │   │   │ ├── forever-agent@0.6.1
│ │   │   │ ├─┬ form-data@1.0.0-rc4
│ │   │   │ │ └── async@1.5.2
│ │   │   │ ├─┬ har-validator@2.0.6
│ │   │   │ │ ├─┬ chalk@1.1.3
│ │   │   │ │ │ ├── ansi-styles@2.2.1
│ │   │   │ │ │ ├── escape-string-regexp@1.0.5
│ │   │   │ │ │ ├── has-ansi@2.0.0
│ │   │   │ │ │ └── supports-color@2.0.0
│ │   │   │ │ ├─┬ commander@2.9.0
│ │   │   │ │ │ └── graceful-readlink@1.0.1
│ │   │   │ │ ├─┬ is-my-json-valid@2.13.1
│ │   │   │ │ │ ├── generate-function@2.0.0
│ │   │   │ │ │ ├─┬ generate-object-property@1.2.0
│ │   │   │ │ │ │ └── is-property@1.0.2
│ │   │   │ │ │ ├── jsonpointer@2.0.0
│ │   │   │ │ │ └── xtend@4.0.1
│ │   │   │ │ └─┬ pinkie-promise@2.0.1
│ │   │   │ │   └── pinkie@2.0.4
│ │   │   │ ├─┬ hawk@3.1.3
│ │   │   │ │ ├── boom@2.10.1
│ │   │   │ │ ├── cryptiles@2.0.5
│ │   │   │ │ ├── hoek@2.16.3
│ │   │   │ │ └── sntp@1.0.9
│ │   │   │ ├─┬ http-signature@1.1.1
│ │   │   │ │ ├── assert-plus@0.2.0
│ │   │   │ │ ├─┬ jsprim@1.3.0
│ │   │   │ │ │ ├── extsprintf@1.0.2
│ │   │   │ │ │ ├── json-schema@0.2.2
│ │   │   │ │ │ └── verror@1.3.6
│ │   │   │ │ └─┬ sshpk@1.8.3
│ │   │   │ │   ├── asn1@0.2.3
│ │   │   │ │   ├── assert-plus@1.0.0
│ │   │   │ │   ├─┬ dashdash@1.14.0
│ │   │   │ │   │ └── assert-plus@1.0.0
│ │   │   │ │   ├── ecc-jsbn@0.1.1
│ │   │   │ │   ├─┬ getpass@0.1.6
│ │   │   │ │   │ └── assert-plus@1.0.0
│ │   │   │ │   ├── jodid25519@1.0.2
│ │   │   │ │   ├── jsbn@0.1.0
│ │   │   │ │   └── tweetnacl@0.13.3
│ │   │   │ ├── is-typedarray@1.0.0
│ │   │   │ ├── isstream@0.1.2
│ │   │   │ ├── json-stringify-safe@5.0.1
│ │   │   │ ├─┬ mime-types@2.1.11
│ │   │   │ │ └── mime-db@1.23.0
│ │   │   │ ├── node-uuid@1.4.7
│ │   │   │ ├── oauth-sign@0.8.2
│ │   │   │ ├── qs@6.2.0
│ │   │   │ ├── stringstream@0.0.5
│ │   │   │ ├── tough-cookie@2.2.2
│ │   │   │ └── tunnel-agent@0.4.3
│ │   │   ├─┬ rimraf@2.5.3
│ │   │   │ └─┬ glob@7.0.5
│ │   │   │   ├── fs.realpath@1.0.0
│ │   │   │   ├── inflight@1.0.5
│ │   │   │   ├─┬ minimatch@3.0.2
│ │   │   │   │ └─┬ brace-expansion@1.1.5
│ │   │   │   │   ├── balanced-match@0.4.2
│ │   │   │   │   └── concat-map@0.0.1
│ │   │   │   └── path-is-absolute@1.0.0
│ │   │   ├── semver@5.2.0
│ │   │   ├─┬ tar@2.2.1
│ │   │   │ ├── block-stream@0.0.9
│ │   │   │ ├─┬ fstream@1.0.10
│ │   │   │ │ └── graceful-fs@4.1.4
│ │   │   │ └── inherits@2.0.1
│ │   │   └─┬ tar-pack@3.1.4
│ │   │     ├─┬ debug@2.2.0
│ │   │     │ └── ms@0.7.1
│ │   │     ├── fstream-ignore@1.0.5
│ │   │     ├─┬ once@1.3.3
│ │   │     │ └── wrappy@1.0.2
│ │   │     ├─┬ readable-stream@2.1.4
│ │   │     │ ├── buffer-shims@1.0.0
│ │   │     │ ├── core-util-is@1.0.2
│ │   │     │ ├── isarray@1.0.0
│ │   │     │ ├── process-nextick-args@1.0.7
│ │   │     │ ├── string_decoder@0.10.31
│ │   │     │ └── util-deprecate@1.0.2
│ │   │     └── uid-number@0.0.6
│ │   ├── glob-parent@2.0.0
│ │   ├─┬ is-binary-path@1.0.1
│ │   │ └── binary-extensions@1.7.0
│ │   ├─┬ is-glob@2.0.1
│ │   │ └── is-extglob@1.0.0
│ │   ├── path-is-absolute@1.0.1
│ │   └─┬ readdirp@2.1.0
│ │     ├─┬ minimatch@3.0.3
│ │     │ └─┬ brace-expansion@1.1.6
│ │     │   ├── balanced-match@0.4.2
│ │     │   └── concat-map@0.0.1
│ │     └── set-immediate-shim@1.0.1
│ └─┬ webpack-core@0.6.8
│   ├── source-list-map@0.1.6
│   └─┬ source-map@0.4.4
│     └── amdefine@1.0.1
└─┬ webpack-dev-server@1.16.2
  ├─┬ compression@1.6.2
  │ ├─┬ accepts@1.3.3
  │ │ └── negotiator@0.6.1
  │ ├── bytes@2.3.0
  │ ├─┬ compressible@2.0.9
  │ │ └── mime-db@1.24.0
  │ ├─┬ debug@2.2.0
  │ │ └── ms@0.7.1
  │ ├── on-headers@1.0.1
  │ └── vary@1.1.0
  ├── connect-history-api-fallback@1.3.0
  ├─┬ express@4.14.0
  │ ├── array-flatten@1.1.1
  │ ├── content-disposition@0.5.1
  │ ├── content-type@1.0.2
  │ ├── cookie@0.3.1
  │ ├── cookie-signature@1.0.6
  │ ├── depd@1.1.0
  │ ├── encodeurl@1.0.1
  │ ├── escape-html@1.0.3
  │ ├── etag@1.7.0
  │ ├─┬ finalhandler@0.5.0
  │ │ ├── statuses@1.3.0
  │ │ └── unpipe@1.0.0
  │ ├── fresh@0.3.0
  │ ├── merge-descriptors@1.0.1
  │ ├── methods@1.1.2
  │ ├─┬ on-finished@2.3.0
  │ │ └── ee-first@1.1.1
  │ ├── parseurl@1.3.1
  │ ├── path-to-regexp@0.1.7
  │ ├─┬ proxy-addr@1.1.2
  │ │ ├── forwarded@0.1.0
  │ │ └── ipaddr.js@1.1.1
  │ ├── qs@6.2.0
  │ ├── range-parser@1.2.0
  │ ├─┬ send@0.14.1
  │ │ └── destroy@1.0.4
  │ ├── serve-static@1.11.1
  │ ├─┬ type-is@1.6.13
  │ │ └── media-typer@0.3.0
  │ └── utils-merge@1.0.0
  ├─┬ http-proxy-middleware@0.17.2
  │ ├─┬ http-proxy@1.15.2
  │ │ ├── eventemitter3@1.2.0
  │ │ └── requires-port@1.0.0
  │ ├─┬ is-glob@3.1.0
  │ │ └── is-extglob@2.1.0
  │ ├── lodash@4.16.6
  │ └─┬ micromatch@2.3.11
  │   ├─┬ arr-diff@2.0.0
  │   │ └── arr-flatten@1.0.1
  │   ├── array-unique@0.2.1
  │   ├─┬ braces@1.8.5
  │   │ ├─┬ expand-range@1.8.2
  │   │ │ └─┬ fill-range@2.2.3
  │   │ │   ├── is-number@2.1.0
  │   │ │   ├── isobject@2.1.0
  │   │ │   ├── randomatic@1.1.5
  │   │ │   └── repeat-string@1.6.1
  │   │ ├── preserve@0.2.0
  │   │ └── repeat-element@1.1.2
  │   ├─┬ expand-brackets@0.1.5
  │   │ └── is-posix-bracket@0.1.1
  │   ├─┬ extglob@0.3.2
  │   │ └── is-extglob@1.0.0
  │   ├── filename-regex@2.0.0
  │   ├── is-extglob@1.0.0
  │   ├── is-glob@2.0.1
  │   ├─┬ kind-of@3.0.4
  │   │ └── is-buffer@1.1.4
  │   ├── normalize-path@2.0.1
  │   ├─┬ object.omit@2.0.1
  │   │ ├─┬ for-own@0.1.4
  │   │ │ └── for-in@0.1.6
  │   │ └── is-extendable@0.1.1
  │   ├─┬ parse-glob@3.0.4
  │   │ ├─┬ glob-base@0.3.0
  │   │ │ ├─┬ glob-parent@2.0.0
  │   │ │ │ └─┬ is-glob@2.0.1
  │   │ │ │   └── is-extglob@1.0.0
  │   │ │ └─┬ is-glob@2.0.1
  │   │ │   └── is-extglob@1.0.0
  │   │ ├── is-dotfile@1.0.2
  │   │ ├── is-extglob@1.0.0
  │   │ └── is-glob@2.0.1
  │   └─┬ regex-cache@0.4.3
  │     ├── is-equal-shallow@0.1.3
  │     └── is-primitive@2.0.0
  ├── open@0.0.5
  ├─┬ optimist@0.6.1
  │ ├── minimist@0.0.10
  │ └── wordwrap@0.0.3
  ├─┬ serve-index@1.8.0
  │ ├── batch@0.5.3
  │ ├─┬ http-errors@1.5.0
  │ │ └── setprototypeof@1.0.1
  │ └── mime-types@2.1.12
  ├─┬ sockjs@0.3.18
  │ ├─┬ faye-websocket@0.10.0
  │ │ └─┬ websocket-driver@0.6.5
  │ │   └── websocket-extensions@0.1.1
  │ └── uuid@2.0.3
  ├─┬ sockjs-client@1.1.1
  │ ├─┬ eventsource@0.1.6
  │ │ └─┬ original@1.0.0
  │ │   └── url-parse@1.0.5
  │ ├── faye-websocket@0.11.0
  │ ├── inherits@2.0.1
  │ ├── json3@3.3.2
  │ └─┬ url-parse@1.1.7
  │   └── querystringify@0.0.4
  ├── stream-cache@0.0.2
  ├─┬ strip-ansi@3.0.1
  │ └── ansi-regex@2.0.0
  ├─┬ supports-color@3.1.2
  │ └── has-flag@1.0.0
  └─┬ webpack-dev-middleware@1.8.4
    ├─┬ memory-fs@0.3.0
    │ ├─┬ errno@0.1.4
    │ │ └── prr@0.0.0
    │ └─┬ readable-stream@2.1.5
    │   ├── buffer-shims@1.0.0
    │   ├── core-util-is@1.0.2
    │   ├── isarray@1.0.0
    │   ├── process-nextick-args@1.0.7
    │   ├── string_decoder@0.10.31
    │   └── util-deprecate@1.0.2
    ├── mime@1.3.4
    └── path-is-absolute@1.0.1

